Using pre-set license
Built from '2021.3/staging' branch; Version is '2021.3.5f1 (40eb3a945986) revision 4254522'; Using compiler version '192829333'; Build Type 'Release'
OS: 'Windows 10  (10.0.19045) 64bit Professional' Language: 'uk' Physical Memory: 8132 MB
BatchMode: 1, IsHumanControllingUs: 0, StartBugReporterOnCrash: 0, Is64bit: 1, IsPro: 1

COMMAND LINE ARGUMENTS:
F:\Unity\2021.3.5f1\Editor\Unity.exe
-adb2
-batchMode
-noUpm
-name
AssetImportWorker13
-projectPath
F:/Unity/MyProject/VoxelLB/Voxel
-logFile
Logs/AssetImportWorker13.log
-srvPort
51004
Successfully changed project path to: F:/Unity/MyProject/VoxelLB/Voxel
F:/Unity/MyProject/VoxelLB/Voxel
[UnityMemory] Configuration Parameters - Can be set up in boot.config
    "memorysetup-bucket-allocator-granularity=16"
    "memorysetup-bucket-allocator-bucket-count=8"
    "memorysetup-bucket-allocator-block-size=33554432"
    "memorysetup-bucket-allocator-block-count=8"
    "memorysetup-main-allocator-block-size=16777216"
    "memorysetup-thread-allocator-block-size=16777216"
    "memorysetup-gfx-main-allocator-block-size=16777216"
    "memorysetup-gfx-thread-allocator-block-size=16777216"
    "memorysetup-cache-allocator-block-size=4194304"
    "memorysetup-typetree-allocator-block-size=2097152"
    "memorysetup-profiler-bucket-allocator-granularity=16"
    "memorysetup-profiler-bucket-allocator-bucket-count=8"
    "memorysetup-profiler-bucket-allocator-block-size=33554432"
    "memorysetup-profiler-bucket-allocator-block-count=8"
    "memorysetup-profiler-allocator-block-size=16777216"
    "memorysetup-profiler-editor-allocator-block-size=1048576"
    "memorysetup-temp-allocator-size-main=16777216"
    "memorysetup-job-temp-allocator-block-size=2097152"
    "memorysetup-job-temp-allocator-block-size-background=1048576"
    "memorysetup-job-temp-allocator-reduction-small-platforms=262144"
    "memorysetup-temp-allocator-size-background-worker=32768"
    "memorysetup-temp-allocator-size-job-worker=262144"
    "memorysetup-temp-allocator-size-preload-manager=33554432"
    "memorysetup-temp-allocator-size-nav-mesh-worker=65536"
    "memorysetup-temp-allocator-size-audio-worker=65536"
    "memorysetup-temp-allocator-size-cloud-worker=32768"
    "memorysetup-temp-allocator-size-gi-baking-worker=262144"
    "memorysetup-temp-allocator-size-gfx=262144"
Refreshing native plugins compatible for Editor in 1768.05 ms, found 5 plugins.
Preloading 0 native plugins for Editor in 0.00 ms.
Initialize engine version: 2021.3.5f1 (40eb3a945986)
[Subsystems] Discovering subsystems at path F:/Unity/2021.3.5f1/Editor/Data/Resources/UnitySubsystems
[Subsystems] Discovering subsystems at path F:/Unity/MyProject/VoxelLB/Voxel/Assets
GfxDevice: creating device client; threaded=0; jobified=0
Direct3D:
    Version:  Direct3D 11.0 [level 11.0]
    Renderer: NVIDIA GeForce GTX 750 Ti (ID=0x1380)
    Vendor:   NVIDIA
    VRAM:     2006 MB
    Driver:   31.0.15.3623
Initialize mono
Mono path[0] = 'F:/Unity/2021.3.5f1/Editor/Data/Managed'
Mono path[1] = 'F:/Unity/2021.3.5f1/Editor/Data/MonoBleedingEdge/lib/mono/unityjit-win32'
Mono config path = 'F:/Unity/2021.3.5f1/Editor/Data/MonoBleedingEdge/etc'
Using monoOptions --debugger-agent=transport=dt_socket,embedding=1,server=y,suspend=n,address=127.0.0.1:56624
Begin MonoManager ReloadAssembly
Registering precompiled unity dll's ...
Register platform support module: F:/Unity/2021.3.5f1/Editor/Data/PlaybackEngines/WebGLSupport/UnityEditor.WebGL.Extensions.dll
Register platform support module: F:/Unity/2021.3.5f1/Editor/Data/PlaybackEngines/AndroidPlayer/UnityEditor.Android.Extensions.dll
Register platform support module: F:/Unity/2021.3.5f1/Editor/Data/PlaybackEngines/WindowsStandaloneSupport/UnityEditor.WindowsStandalone.Extensions.dll
Registered in 0.072603 seconds.
Native extension for WindowsStandalone target not found
Native extension for Android target not found
Native extension for WebGL target not found
Refreshing native plugins compatible for Editor in 399.67 ms, found 5 plugins.
Preloading 0 native plugins for Editor in 0.00 ms.
Mono: successfully reloaded assembly
- Completed reload, in  2.949 seconds
Domain Reload Profiling:
	ReloadAssembly (2951ms)
		BeginReloadAssembly (480ms)
			ExecutionOrderSort (0ms)
			DisableScriptedObjects (0ms)
			BackupInstance (0ms)
			ReleaseScriptingObjects (0ms)
			CreateAndSetChildDomain (10ms)
		EndReloadAssembly (1773ms)
			LoadAssemblies (467ms)
			RebuildTransferFunctionScriptingTraits (0ms)
			SetupTypeCache (573ms)
			ReleaseScriptCaches (0ms)
			RebuildScriptCaches (102ms)
			SetupLoadedEditorAssemblies (950ms)
				LogAssemblyErrors (0ms)
				InitializePlatformSupportModulesInManaged (154ms)
				SetLoadedEditorAssemblies (0ms)
				RefreshPlugins (400ms)
				BeforeProcessingInitializeOnLoad (3ms)
				ProcessInitializeOnLoadAttributes (268ms)
				ProcessInitializeOnLoadMethodAttributes (125ms)
				AfterProcessingInitializeOnLoad (0ms)
				EditorAssembliesLoaded (0ms)
			ExecutionOrderSort2 (0ms)
			AwakeInstancesAfterBackupRestoration (0ms)
Platform modules already initialized, skipping
Registering precompiled user dll's ...
Registered in 0.017871 seconds.
Begin MonoManager ReloadAssembly
Android Extension - Scanning For ADB Devices 5715 ms
Symbol file LoadedFromMemory doesn't match image F:\Unity\MyProject\VoxelLB\Voxel\Library\PackageCache\com.unity.visualscripting@1.7.8\Editor\VisualScripting.Core\Dependencies\DotNetZip\Unity.VisualScripting.IonicZip.dll
Symbol file LoadedFromMemory doesn't match image F:\Unity\MyProject\VoxelLB\Voxel\Library\PackageCache\com.unity.visualscripting@1.7.8\Editor\VisualScripting.Core\Dependencies\YamlDotNet\Unity.VisualScripting.YamlDotNet.dll
Native extension for WindowsStandalone target not found
Native extension for Android target not found
Native extension for WebGL target not found
Refreshing native plugins compatible for Editor in 285.59 ms, found 5 plugins.
Preloading 0 native plugins for Editor in 0.00 ms.
Package Manager log level set to [2]
Mono: successfully reloaded assembly
- Completed reload, in 10.677 seconds
Domain Reload Profiling:
	ReloadAssembly (10679ms)
		BeginReloadAssembly (297ms)
			ExecutionOrderSort (0ms)
			DisableScriptedObjects (16ms)
			BackupInstance (0ms)
			ReleaseScriptingObjects (1ms)
			CreateAndSetChildDomain (46ms)
		EndReloadAssembly (10098ms)
			LoadAssemblies (6885ms)
			RebuildTransferFunctionScriptingTraits (0ms)
			SetupTypeCache (629ms)
			ReleaseScriptCaches (2ms)
			RebuildScriptCaches (195ms)
			SetupLoadedEditorAssemblies (2334ms)
				LogAssemblyErrors (0ms)
				InitializePlatformSupportModulesInManaged (25ms)
				SetLoadedEditorAssemblies (0ms)
				RefreshPlugins (286ms)
				BeforeProcessingInitializeOnLoad (255ms)
				ProcessInitializeOnLoadAttributes (1354ms)
				ProcessInitializeOnLoadMethodAttributes (404ms)
				AfterProcessingInitializeOnLoad (9ms)
				EditorAssembliesLoaded (1ms)
			ExecutionOrderSort2 (0ms)
			AwakeInstancesAfterBackupRestoration (14ms)
Platform modules already initialized, skipping
========================================================================
Worker process is ready to serve import requests
Launched and connected shader compiler UnityShaderCompiler.exe after 0.60 seconds
D3D shader create error for vertex shader [0x80070057]
D3D shader create error for vertex shader [0x80070057]
D3D shader create error for domain shader [0x80070057]
D3D shader create error for vertex shader [0x80070057]
D3D shader create error for vertex shader [0x80070057]
D3D shader create error for domain shader [0x80070057]
Shader warning in 'HDRP/LayeredLitTessellation': Ignoring duplicate keyword line 'multi_compile_instancing __ INSTANCING_ON'
Shader warning in 'HDRP/LayeredLitTessellation': Ignoring duplicate keyword line 'shader_feature _ DOTS_INSTANCING_ON'
Shader warning in 'HDRP/LayeredLitTessellation': Ignoring duplicate keyword line 'shader_feature _ LOD_FADE_CROSSFADE'
Refreshing native plugins compatible for Editor in 3.40 ms, found 5 plugins.
Preloading 0 native plugins for Editor in 0.00 ms.
Unloading 7630 Unused Serialized files (Serialized files now loaded: 0)
Unloading 218 unused Assets / (12.8 MB). Loaded Objects now: 7944.
Memory consumption went from 340.1 MB to 327.3 MB.
Total: 25.298800 ms (FindLiveObjects: 2.295400 ms CreateObjectMapping: 1.352600 ms MarkObjects: 17.997000 ms  DeleteObjects: 3.651300 ms)

AssetImportParameters requested are different than current active one (requested -> active):
  custom:video-decoder-ogg-theora: a1e56fd34408186e4bbccfd4996cb3dc -> 
  custom:container-muxer-webm: aa71ff27fc2769a1b78a27578f13a17b -> 
  custom:container-demuxer-webm: 4f35f7cbe854078d1ac9338744f61a02 -> 
  custom:video-encoder-webm-vp8: eb34c28f22e8b96e1ab97ce403110664 -> 
  custom:audio-encoder-webm-vorbis: bf7c407c2cedff20999df2af8eb42d56 -> 
  custom:framework-win-MediaFoundation: 216162199b28c13a410421893ffa2e32 -> 
  custom:container-demuxer-ogg: 62fdf1f143b41e24485cea50d1cbac27 -> 
  custom:video-decoder-webm-vp8: 9c59270c3fd7afecdb556c50c9e8de78 -> 
  custom:audio-decoder-ogg-vorbis: bf7c407c2cedff20999df2af8eb42d56 -> 
========================================================================
Received Import Request.
  Time since last request: 2742.190865 seconds.
  path: Assets/Samples/High Definition RP/12.1.7/Particle System Shader Samples/ParticleSystem RenderPipelineAsset.asset
  artifactKey: Guid(ef9ffe8c3380ceb41ae65ca74084c3d8) Importer(815301076,1909f56bfc062723c751e8b465ee728b)
Start importing Assets/Samples/High Definition RP/12.1.7/Particle System Shader Samples/ParticleSystem RenderPipelineAsset.asset using Guid(ef9ffe8c3380ceb41ae65ca74084c3d8) Importer(815301076,1909f56bfc062723c751e8b465ee728b)  -> (artifact id: 'de1073677aabc6c80d0353d1846c97b0') in 0.385101 seconds 
========================================================================
Received Import Request.
  Time since last request: 19.542889 seconds.
  path: Assets/Player/Model/Hero-0.png
  artifactKey: Guid(fb27ee4c8452cca44bb92392a095b4f6) Importer(815301076,1909f56bfc062723c751e8b465ee728b)
Start importing Assets/Player/Model/Hero-0.png using Guid(fb27ee4c8452cca44bb92392a095b4f6) Importer(815301076,1909f56bfc062723c751e8b465ee728b)  -> (artifact id: 'ca6d69e70b0ac57ab4a0770abac4e7b4') in 0.293483 seconds 
========================================================================
Received Import Request.
  Time since last request: 0.000039 seconds.
  path: Assets/Player/Model/Hero-6.obj
  artifactKey: Guid(0e86185ec07b96149a78bce006b55d85) Importer(815301076,1909f56bfc062723c751e8b465ee728b)
Start importing Assets/Player/Model/Hero-6.obj using Guid(0e86185ec07b96149a78bce006b55d85) Importer(815301076,1909f56bfc062723c751e8b465ee728b)  -> (artifact id: 'ab4c7eb546aa250fe280e557dd826ca1') in 0.819265 seconds 
========================================================================
Received Import Request.
  Time since last request: 0.000055 seconds.
  path: Assets/Player/Model/Hero-2.png
  artifactKey: Guid(c0e66025007a0454292aef7e204ee4a4) Importer(815301076,1909f56bfc062723c751e8b465ee728b)
Start importing Assets/Player/Model/Hero-2.png using Guid(c0e66025007a0454292aef7e204ee4a4) Importer(815301076,1909f56bfc062723c751e8b465ee728b)  -> (artifact id: '2865f1279b79cd0dccbaeba113606a79') in 0.038894 seconds 
========================================================================
Received Import Request.
  Time since last request: 0.000035 seconds.
  path: Assets/Player/Model/Hero-9.png
  artifactKey: Guid(b9e0d94d5f8bc844abd555a1c4e99094) Importer(815301076,1909f56bfc062723c751e8b465ee728b)
Start importing Assets/Player/Model/Hero-9.png using Guid(b9e0d94d5f8bc844abd555a1c4e99094) Importer(815301076,1909f56bfc062723c751e8b465ee728b)  -> (artifact id: 'fe3c6784161f7a23e42418574d417f94') in 0.035267 seconds 
========================================================================
Received Import Request.
  Time since last request: 0.000039 seconds.
  path: Assets/Player/Model/Hero-1.png
  artifactKey: Guid(b007e1b02345d3e4a99e5375d6f2428d) Importer(815301076,1909f56bfc062723c751e8b465ee728b)
Start importing Assets/Player/Model/Hero-1.png using Guid(b007e1b02345d3e4a99e5375d6f2428d) Importer(815301076,1909f56bfc062723c751e8b465ee728b)  -> (artifact id: '9835a013bc8e9ff1f93e7e227427c4c3') in 0.049622 seconds 
========================================================================
Received Import Request.
  Time since last request: 0.000046 seconds.
  path: Assets/Player/Model/Hero-7.png
  artifactKey: Guid(0c8f1a644010f7b41ba1aa3f3949a2ba) Importer(815301076,1909f56bfc062723c751e8b465ee728b)
Start importing Assets/Player/Model/Hero-7.png using Guid(0c8f1a644010f7b41ba1aa3f3949a2ba) Importer(815301076,1909f56bfc062723c751e8b465ee728b)  -> (artifact id: 'd3da4c16f75b609040293e1803ba1d1d') in 0.042355 seconds 
========================================================================
Received Import Request.
  Time since last request: 0.000044 seconds.
  path: Assets/Player/Model/Hero-8.obj
  artifactKey: Guid(9579044395b1bd141935f079da220192) Importer(815301076,1909f56bfc062723c751e8b465ee728b)
Start importing Assets/Player/Model/Hero-8.obj using Guid(9579044395b1bd141935f079da220192) Importer(815301076,1909f56bfc062723c751e8b465ee728b)  -> (artifact id: '4b34dcbe7e1cf38282f283b4b37fcd75') in 0.083293 seconds 
========================================================================
Received Import Request.
  Time since last request: 0.000054 seconds.
  path: Assets/Player/Model/Hero-1 1.obj
  artifactKey: Guid(9b717986e6a722d4e959f65d072d09f8) Importer(815301076,1909f56bfc062723c751e8b465ee728b)
Start importing Assets/Player/Model/Hero-1 1.obj using Guid(9b717986e6a722d4e959f65d072d09f8) Importer(815301076,1909f56bfc062723c751e8b465ee728b)  -> (artifact id: '555d21f3c00e0c0bbd66e2408595dc53') in 0.093417 seconds 
========================================================================
Received Import Request.
  Time since last request: 0.000039 seconds.
  path: Assets/Player/Model/Hero-3.obj
  artifactKey: Guid(e8068db9f39faeb4cbe89978bf893643) Importer(815301076,1909f56bfc062723c751e8b465ee728b)
Start importing Assets/Player/Model/Hero-3.obj using Guid(e8068db9f39faeb4cbe89978bf893643) Importer(815301076,1909f56bfc062723c751e8b465ee728b)  -> (artifact id: '9903fba701250b75b6924dd0f8749336') in 0.099207 seconds 
========================================================================
Received Import Request.
  Time since last request: 0.000047 seconds.
  path: Assets/Player/Model/Hero-3.png
  artifactKey: Guid(59ad7da025fead942a973ab3d5f100cd) Importer(815301076,1909f56bfc062723c751e8b465ee728b)
Start importing Assets/Player/Model/Hero-3.png using Guid(59ad7da025fead942a973ab3d5f100cd) Importer(815301076,1909f56bfc062723c751e8b465ee728b)  -> (artifact id: '14c7c8f3d874392beb1aeb480dbf8f49') in 0.025995 seconds 
========================================================================
Received Prepare
Registering precompiled user dll's ...
Registered in 0.009958 seconds.
Begin MonoManager ReloadAssembly
Symbol file LoadedFromMemory doesn't match image F:\Unity\MyProject\VoxelLB\Voxel\Library\PackageCache\com.unity.visualscripting@1.7.8\Editor\VisualScripting.Core\Dependencies\DotNetZip\Unity.VisualScripting.IonicZip.dll
Symbol file LoadedFromMemory doesn't match image F:\Unity\MyProject\VoxelLB\Voxel\Library\PackageCache\com.unity.visualscripting@1.7.8\Editor\VisualScripting.Core\Dependencies\YamlDotNet\Unity.VisualScripting.YamlDotNet.dll
Native extension for WindowsStandalone target not found
Native extension for Android target not found
Native extension for WebGL target not found
Refreshing native plugins compatible for Editor in 4.06 ms, found 5 plugins.
Preloading 0 native plugins for Editor in 0.00 ms.
Mono: successfully reloaded assembly
- Completed reload, in  3.937 seconds
Domain Reload Profiling:
	ReloadAssembly (3939ms)
		BeginReloadAssembly (258ms)
			ExecutionOrderSort (0ms)
			DisableScriptedObjects (10ms)
			BackupInstance (0ms)
			ReleaseScriptingObjects (0ms)
			CreateAndSetChildDomain (88ms)
		EndReloadAssembly (3473ms)
			LoadAssemblies (185ms)
			RebuildTransferFunctionScriptingTraits (0ms)
			SetupTypeCache (681ms)
			ReleaseScriptCaches (3ms)
			RebuildScriptCaches (211ms)
			SetupLoadedEditorAssemblies (2172ms)
				LogAssemblyErrors (0ms)
				InitializePlatformSupportModulesInManaged (45ms)
				SetLoadedEditorAssemblies (1ms)
				RefreshPlugins (4ms)
				BeforeProcessingInitializeOnLoad (236ms)
				ProcessInitializeOnLoadAttributes (1491ms)
				ProcessInitializeOnLoadMethodAttributes (389ms)
				AfterProcessingInitializeOnLoad (5ms)
				EditorAssembliesLoaded (0ms)
			ExecutionOrderSort2 (0ms)
			AwakeInstancesAfterBackupRestoration (11ms)
Platform modules already initialized, skipping
Switching render pipeline 00000000000000000000000000000000 -> ef9ffe8c3380ceb41ae65ca74084c3d8
D3D shader create error for vertex shader [0x80070057]
D3D shader create error for vertex shader [0x80070057]
D3D shader create error for domain shader [0x80070057]
D3D shader create error for vertex shader [0x80070057]
D3D shader create error for vertex shader [0x80070057]
D3D shader create error for domain shader [0x80070057]
Shader warning in 'HDRP/LayeredLitTessellation': Ignoring duplicate keyword line 'multi_compile_instancing __ INSTANCING_ON'
Shader warning in 'HDRP/LayeredLitTessellation': Ignoring duplicate keyword line 'shader_feature _ DOTS_INSTANCING_ON'
Shader warning in 'HDRP/LayeredLitTessellation': Ignoring duplicate keyword line 'shader_feature _ LOD_FADE_CROSSFADE'
Refreshing native plugins compatible for Editor in 22.10 ms, found 5 plugins.
Preloading 0 native plugins for Editor in 0.00 ms.
Unloading 7489 Unused Serialized files (Serialized files now loaded: 0)
Unloading 96 unused Assets / (5.2 MB). Loaded Objects now: 8195.
Memory consumption went from 337.6 MB to 332.4 MB.
Total: 22.509800 ms (FindLiveObjects: 1.294700 ms CreateObjectMapping: 1.102600 ms MarkObjects: 18.055500 ms  DeleteObjects: 2.054500 ms)

AssetImportParameters requested are different than current active one (requested -> active):
  custom:video-decoder-ogg-theora: a1e56fd34408186e4bbccfd4996cb3dc -> 
  custom:container-muxer-webm: aa71ff27fc2769a1b78a27578f13a17b -> 
  custom:container-demuxer-webm: 4f35f7cbe854078d1ac9338744f61a02 -> 
  custom:video-encoder-webm-vp8: eb34c28f22e8b96e1ab97ce403110664 -> 
  custom:audio-encoder-webm-vorbis: bf7c407c2cedff20999df2af8eb42d56 -> 
  custom:framework-win-MediaFoundation: 216162199b28c13a410421893ffa2e32 -> 
  custom:container-demuxer-ogg: 62fdf1f143b41e24485cea50d1cbac27 -> 
  custom:video-decoder-webm-vp8: 9c59270c3fd7afecdb556c50c9e8de78 -> 
  custom:audio-decoder-ogg-vorbis: bf7c407c2cedff20999df2af8eb42d56 -> 
========================================================================
Received Import Request.
  Time since last request: 108.364617 seconds.
  path: Assets/Player/Model/Hero-0.png
  artifactKey: Guid(fb27ee4c8452cca44bb92392a095b4f6) Importer(815301076,1909f56bfc062723c751e8b465ee728b)
Start importing Assets/Player/Model/Hero-0.png using Guid(fb27ee4c8452cca44bb92392a095b4f6) Importer(815301076,1909f56bfc062723c751e8b465ee728b)  -> (artifact id: 'ad8f4b2c678a938b97ec650c68210209') in 0.093711 seconds 
========================================================================
Received Import Request.
  Time since last request: 0.000045 seconds.
  path: Assets/Player/Model/Hero-6.obj
  artifactKey: Guid(0e86185ec07b96149a78bce006b55d85) Importer(815301076,1909f56bfc062723c751e8b465ee728b)
Start importing Assets/Player/Model/Hero-6.obj using Guid(0e86185ec07b96149a78bce006b55d85) Importer(815301076,1909f56bfc062723c751e8b465ee728b)  -> (artifact id: '7cc89652b176ee998ba73367e798f702') in 36.255488 seconds 
========================================================================
Received Prepare
Registering precompiled user dll's ...
Registered in 0.009550 seconds.
Begin MonoManager ReloadAssembly
Symbol file LoadedFromMemory doesn't match image F:\Unity\MyProject\VoxelLB\Voxel\Library\PackageCache\com.unity.visualscripting@1.7.8\Editor\VisualScripting.Core\Dependencies\DotNetZip\Unity.VisualScripting.IonicZip.dll
Symbol file LoadedFromMemory doesn't match image F:\Unity\MyProject\VoxelLB\Voxel\Library\PackageCache\com.unity.visualscripting@1.7.8\Editor\VisualScripting.Core\Dependencies\YamlDotNet\Unity.VisualScripting.YamlDotNet.dll
Native extension for WindowsStandalone target not found
Native extension for Android target not found
Native extension for WebGL target not found
Refreshing native plugins compatible for Editor in 2.96 ms, found 5 plugins.
Preloading 0 native plugins for Editor in 0.00 ms.
Mono: successfully reloaded assembly
- Completed reload, in  3.547 seconds
Domain Reload Profiling:
	ReloadAssembly (3549ms)
		BeginReloadAssembly (509ms)
			ExecutionOrderSort (0ms)
			DisableScriptedObjects (80ms)
			BackupInstance (0ms)
			ReleaseScriptingObjects (0ms)
			CreateAndSetChildDomain (100ms)
		EndReloadAssembly (2832ms)
			LoadAssemblies (346ms)
			RebuildTransferFunctionScriptingTraits (0ms)
			SetupTypeCache (610ms)
			ReleaseScriptCaches (4ms)
			RebuildScriptCaches (165ms)
			SetupLoadedEditorAssemblies (1425ms)
				LogAssemblyErrors (0ms)
				InitializePlatformSupportModulesInManaged (45ms)
				SetLoadedEditorAssemblies (4ms)
				RefreshPlugins (3ms)
				BeforeProcessingInitializeOnLoad (271ms)
				ProcessInitializeOnLoadAttributes (850ms)
				ProcessInitializeOnLoadMethodAttributes (246ms)
				AfterProcessingInitializeOnLoad (5ms)
				EditorAssembliesLoaded (0ms)
			ExecutionOrderSort2 (0ms)
			AwakeInstancesAfterBackupRestoration (31ms)
Platform modules already initialized, skipping
Switching render pipeline 00000000000000000000000000000000 -> ef9ffe8c3380ceb41ae65ca74084c3d8
D3D shader create error for vertex shader [0x80070057]
D3D shader create error for vertex shader [0x80070057]
D3D shader create error for domain shader [0x80070057]
D3D shader create error for vertex shader [0x80070057]
D3D shader create error for vertex shader [0x80070057]
D3D shader create error for domain shader [0x80070057]
Shader warning in 'HDRP/LayeredLitTessellation': Ignoring duplicate keyword line 'multi_compile_instancing __ INSTANCING_ON'
Shader warning in 'HDRP/LayeredLitTessellation': Ignoring duplicate keyword line 'shader_feature _ DOTS_INSTANCING_ON'
Shader warning in 'HDRP/LayeredLitTessellation': Ignoring duplicate keyword line 'shader_feature _ LOD_FADE_CROSSFADE'
Refreshing native plugins compatible for Editor in 566.24 ms, found 5 plugins.
Preloading 0 native plugins for Editor in 0.00 ms.
Unloading 7283 Unused Serialized files (Serialized files now loaded: 0)
Unloading 107 unused Assets / (5.2 MB). Loaded Objects now: 8371.
Memory consumption went from 334.7 MB to 329.5 MB.
Total: 15.157200 ms (FindLiveObjects: 0.699800 ms CreateObjectMapping: 0.810500 ms MarkObjects: 11.913500 ms  DeleteObjects: 1.731100 ms)

AssetImportParameters requested are different than current active one (requested -> active):
  custom:video-decoder-ogg-theora: a1e56fd34408186e4bbccfd4996cb3dc -> 
  custom:container-muxer-webm: aa71ff27fc2769a1b78a27578f13a17b -> 
  custom:container-demuxer-webm: 4f35f7cbe854078d1ac9338744f61a02 -> 
  custom:video-encoder-webm-vp8: eb34c28f22e8b96e1ab97ce403110664 -> 
  custom:audio-encoder-webm-vorbis: bf7c407c2cedff20999df2af8eb42d56 -> 
  custom:framework-win-MediaFoundation: 216162199b28c13a410421893ffa2e32 -> 
  custom:container-demuxer-ogg: 62fdf1f143b41e24485cea50d1cbac27 -> 
  custom:video-decoder-webm-vp8: 9c59270c3fd7afecdb556c50c9e8de78 -> 
  custom:audio-decoder-ogg-vorbis: bf7c407c2cedff20999df2af8eb42d56 -> 
========================================================================
Received Import Request.
  Time since last request: 61.304260 seconds.
  path: Assets/Player/Model/Hero-0.obj
  artifactKey: Guid(7e1e20b3f1cd48d4eba65a10f84c714e) Importer(815301076,1909f56bfc062723c751e8b465ee728b)
Start importing Assets/Player/Model/Hero-0.obj using Guid(7e1e20b3f1cd48d4eba65a10f84c714e) Importer(815301076,1909f56bfc062723c751e8b465ee728b)  -> (artifact id: '1e743092b999225f7e94ce9b9e559c14') in 2.998223 seconds 
========================================================================
Received Import Request.
  Time since last request: 0.000085 seconds.
  path: Assets/Player/Model/Hero-2.png
  artifactKey: Guid(c0e66025007a0454292aef7e204ee4a4) Importer(815301076,1909f56bfc062723c751e8b465ee728b)
Start importing Assets/Player/Model/Hero-2.png using Guid(c0e66025007a0454292aef7e204ee4a4) Importer(815301076,1909f56bfc062723c751e8b465ee728b)  -> (artifact id: '1193973cd0ff5379278bd66392fc1e25') in 0.310267 seconds 
========================================================================
Received Import Request.
  Time since last request: 0.000052 seconds.
  path: Assets/Player/Model/Hero-9.png
  artifactKey: Guid(b9e0d94d5f8bc844abd555a1c4e99094) Importer(815301076,1909f56bfc062723c751e8b465ee728b)
Start importing Assets/Player/Model/Hero-9.png using Guid(b9e0d94d5f8bc844abd555a1c4e99094) Importer(815301076,1909f56bfc062723c751e8b465ee728b)  -> (artifact id: '504094fdb8f9b14d0caae9ff4ec5f143') in 0.132723 seconds 
========================================================================
Received Import Request.
  Time since last request: 0.000058 seconds.
  path: Assets/Player/Model/Hero-1.png
  artifactKey: Guid(b007e1b02345d3e4a99e5375d6f2428d) Importer(815301076,1909f56bfc062723c751e8b465ee728b)
Start importing Assets/Player/Model/Hero-1.png using Guid(b007e1b02345d3e4a99e5375d6f2428d) Importer(815301076,1909f56bfc062723c751e8b465ee728b)  -> (artifact id: '8ed6805359f793656b35d79512d2a479') in 0.156172 seconds 
========================================================================
Received Import Request.
  Time since last request: 0.000051 seconds.
  path: Assets/Player/Model/Hero-7.png
  artifactKey: Guid(0c8f1a644010f7b41ba1aa3f3949a2ba) Importer(815301076,1909f56bfc062723c751e8b465ee728b)
Start importing Assets/Player/Model/Hero-7.png using Guid(0c8f1a644010f7b41ba1aa3f3949a2ba) Importer(815301076,1909f56bfc062723c751e8b465ee728b)  -> (artifact id: 'f416a879c44e2cdd183bf3cf5760a36e') in 0.253807 seconds 
========================================================================
Received Import Request.
  Time since last request: 0.000050 seconds.
  path: Assets/Player/Model/Hero-8.obj
  artifactKey: Guid(9579044395b1bd141935f079da220192) Importer(815301076,1909f56bfc062723c751e8b465ee728b)
Start importing Assets/Player/Model/Hero-8.obj using Guid(9579044395b1bd141935f079da220192) Importer(815301076,1909f56bfc062723c751e8b465ee728b)  -> (artifact id: 'b1c7773bd5cbe8b399289e00a837637b') in 0.119671 seconds 
========================================================================
Received Import Request.
  Time since last request: 0.000071 seconds.
  path: Assets/Player/Model/Hero-1 1.obj
  artifactKey: Guid(9b717986e6a722d4e959f65d072d09f8) Importer(815301076,1909f56bfc062723c751e8b465ee728b)
Start importing Assets/Player/Model/Hero-1 1.obj using Guid(9b717986e6a722d4e959f65d072d09f8) Importer(815301076,1909f56bfc062723c751e8b465ee728b)  -> (artifact id: '3c48906172cde9b056cf7bc1c949211e') in 0.130162 seconds 
========================================================================
Received Import Request.
  Time since last request: 0.000065 seconds.
  path: Assets/Player/Model/Hero-3.obj
  artifactKey: Guid(e8068db9f39faeb4cbe89978bf893643) Importer(815301076,1909f56bfc062723c751e8b465ee728b)
Start importing Assets/Player/Model/Hero-3.obj using Guid(e8068db9f39faeb4cbe89978bf893643) Importer(815301076,1909f56bfc062723c751e8b465ee728b)  -> (artifact id: '0822c20fa10dbae800653ec428cd7555') in 0.213439 seconds 
========================================================================
Received Import Request.
  Time since last request: 0.000054 seconds.
  path: Assets/Player/Model/Hero-3.png
  artifactKey: Guid(59ad7da025fead942a973ab3d5f100cd) Importer(815301076,1909f56bfc062723c751e8b465ee728b)
Start importing Assets/Player/Model/Hero-3.png using Guid(59ad7da025fead942a973ab3d5f100cd) Importer(815301076,1909f56bfc062723c751e8b465ee728b)  -> (artifact id: '8ab9f303b173407257d9a2c2c0d18629') in 0.017911 seconds 
