Using pre-set license
Built from '2021.3/staging' branch; Version is '2021.3.5f1 (40eb3a945986) revision 4254522'; Using compiler version '192829333'; Build Type 'Release'
OS: 'Windows 10  (10.0.19045) 64bit Professional' Language: 'uk' Physical Memory: 8132 MB
BatchMode: 1, IsHumanControllingUs: 0, StartBugReporterOnCrash: 0, Is64bit: 1, IsPro: 1

COMMAND LINE ARGUMENTS:
F:\Unity\2021.3.5f1\Editor\Unity.exe
-adb2
-batchMode
-noUpm
-name
AssetImportWorker12
-projectPath
F:/Unity/MyProject/VoxelLB/Voxel
-logFile
Logs/AssetImportWorker12.log
-srvPort
50030
Successfully changed project path to: F:/Unity/MyProject/VoxelLB/Voxel
F:/Unity/MyProject/VoxelLB/Voxel
[UnityMemory] Configuration Parameters - Can be set up in boot.config
    "memorysetup-bucket-allocator-granularity=16"
    "memorysetup-bucket-allocator-bucket-count=8"
    "memorysetup-bucket-allocator-block-size=33554432"
    "memorysetup-bucket-allocator-block-count=8"
    "memorysetup-main-allocator-block-size=16777216"
    "memorysetup-thread-allocator-block-size=16777216"
    "memorysetup-gfx-main-allocator-block-size=16777216"
    "memorysetup-gfx-thread-allocator-block-size=16777216"
    "memorysetup-cache-allocator-block-size=4194304"
    "memorysetup-typetree-allocator-block-size=2097152"
    "memorysetup-profiler-bucket-allocator-granularity=16"
    "memorysetup-profiler-bucket-allocator-bucket-count=8"
    "memorysetup-profiler-bucket-allocator-block-size=33554432"
    "memorysetup-profiler-bucket-allocator-block-count=8"
    "memorysetup-profiler-allocator-block-size=16777216"
    "memorysetup-profiler-editor-allocator-block-size=1048576"
    "memorysetup-temp-allocator-size-main=16777216"
    "memorysetup-job-temp-allocator-block-size=2097152"
    "memorysetup-job-temp-allocator-block-size-background=1048576"
    "memorysetup-job-temp-allocator-reduction-small-platforms=262144"
    "memorysetup-temp-allocator-size-background-worker=32768"
    "memorysetup-temp-allocator-size-job-worker=262144"
    "memorysetup-temp-allocator-size-preload-manager=33554432"
    "memorysetup-temp-allocator-size-nav-mesh-worker=65536"
    "memorysetup-temp-allocator-size-audio-worker=65536"
    "memorysetup-temp-allocator-size-cloud-worker=32768"
    "memorysetup-temp-allocator-size-gi-baking-worker=262144"
    "memorysetup-temp-allocator-size-gfx=262144"
Refreshing native plugins compatible for Editor in 338.39 ms, found 5 plugins.
Preloading 0 native plugins for Editor in 0.00 ms.
Initialize engine version: 2021.3.5f1 (40eb3a945986)
[Subsystems] Discovering subsystems at path F:/Unity/2021.3.5f1/Editor/Data/Resources/UnitySubsystems
[Subsystems] Discovering subsystems at path F:/Unity/MyProject/VoxelLB/Voxel/Assets
GfxDevice: creating device client; threaded=0; jobified=0
Direct3D:
    Version:  Direct3D 11.0 [level 11.0]
    Renderer: NVIDIA GeForce GTX 750 Ti (ID=0x1380)
    Vendor:   NVIDIA
    VRAM:     2006 MB
    Driver:   31.0.15.3623
Initialize mono
Mono path[0] = 'F:/Unity/2021.3.5f1/Editor/Data/Managed'
Mono path[1] = 'F:/Unity/2021.3.5f1/Editor/Data/MonoBleedingEdge/lib/mono/unityjit-win32'
Mono config path = 'F:/Unity/2021.3.5f1/Editor/Data/MonoBleedingEdge/etc'
Using monoOptions --debugger-agent=transport=dt_socket,embedding=1,server=y,suspend=n,address=127.0.0.1:56392
Begin MonoManager ReloadAssembly
Registering precompiled unity dll's ...
Register platform support module: F:/Unity/2021.3.5f1/Editor/Data/PlaybackEngines/WebGLSupport/UnityEditor.WebGL.Extensions.dll
Register platform support module: F:/Unity/2021.3.5f1/Editor/Data/PlaybackEngines/AndroidPlayer/UnityEditor.Android.Extensions.dll
Register platform support module: F:/Unity/2021.3.5f1/Editor/Data/PlaybackEngines/WindowsStandaloneSupport/UnityEditor.WindowsStandalone.Extensions.dll
Registered in 0.005244 seconds.
Native extension for WindowsStandalone target not found
Native extension for Android target not found
Native extension for WebGL target not found
Refreshing native plugins compatible for Editor in 285.39 ms, found 5 plugins.
Preloading 0 native plugins for Editor in 0.00 ms.
Mono: successfully reloaded assembly
- Completed reload, in  1.359 seconds
Domain Reload Profiling:
	ReloadAssembly (1360ms)
		BeginReloadAssembly (151ms)
			ExecutionOrderSort (0ms)
			DisableScriptedObjects (0ms)
			BackupInstance (0ms)
			ReleaseScriptingObjects (0ms)
			CreateAndSetChildDomain (2ms)
		EndReloadAssembly (1009ms)
			LoadAssemblies (149ms)
			RebuildTransferFunctionScriptingTraits (0ms)
			SetupTypeCache (199ms)
			ReleaseScriptCaches (0ms)
			RebuildScriptCaches (53ms)
			SetupLoadedEditorAssemblies (668ms)
				LogAssemblyErrors (0ms)
				InitializePlatformSupportModulesInManaged (107ms)
				SetLoadedEditorAssemblies (0ms)
				RefreshPlugins (286ms)
				BeforeProcessingInitializeOnLoad (2ms)
				ProcessInitializeOnLoadAttributes (194ms)
				ProcessInitializeOnLoadMethodAttributes (79ms)
				AfterProcessingInitializeOnLoad (0ms)
				EditorAssembliesLoaded (0ms)
			ExecutionOrderSort2 (0ms)
			AwakeInstancesAfterBackupRestoration (0ms)
Platform modules already initialized, skipping
Registering precompiled user dll's ...
Registered in 0.013213 seconds.
Begin MonoManager ReloadAssembly
Symbol file LoadedFromMemory doesn't match image F:\Unity\MyProject\VoxelLB\Voxel\Library\PackageCache\com.unity.visualscripting@1.7.8\Editor\VisualScripting.Core\Dependencies\DotNetZip\Unity.VisualScripting.IonicZip.dll
Symbol file LoadedFromMemory doesn't match image F:\Unity\MyProject\VoxelLB\Voxel\Library\PackageCache\com.unity.visualscripting@1.7.8\Editor\VisualScripting.Core\Dependencies\YamlDotNet\Unity.VisualScripting.YamlDotNet.dll
Native extension for WindowsStandalone target not found
Native extension for Android target not found
Native extension for WebGL target not found
Refreshing native plugins compatible for Editor in 406.45 ms, found 5 plugins.
Preloading 0 native plugins for Editor in 0.00 ms.
Package Manager log level set to [2]
Mono: successfully reloaded assembly
- Completed reload, in  5.565 seconds
Domain Reload Profiling:
	ReloadAssembly (5567ms)
		BeginReloadAssembly (318ms)
			ExecutionOrderSort (0ms)
			DisableScriptedObjects (14ms)
			BackupInstance (0ms)
			ReleaseScriptingObjects (0ms)
			CreateAndSetChildDomain (149ms)
		EndReloadAssembly (5043ms)
			LoadAssemblies (166ms)
			RebuildTransferFunctionScriptingTraits (0ms)
			SetupTypeCache (658ms)
			ReleaseScriptCaches (1ms)
			RebuildScriptCaches (201ms)
			SetupLoadedEditorAssemblies (3939ms)
				LogAssemblyErrors (0ms)
				InitializePlatformSupportModulesInManaged (21ms)
				SetLoadedEditorAssemblies (0ms)
				RefreshPlugins (407ms)
				BeforeProcessingInitializeOnLoad (268ms)
				ProcessInitializeOnLoadAttributes (2926ms)
				ProcessInitializeOnLoadMethodAttributes (311ms)
				AfterProcessingInitializeOnLoad (6ms)
				EditorAssembliesLoaded (0ms)
			ExecutionOrderSort2 (0ms)
			AwakeInstancesAfterBackupRestoration (9ms)
Platform modules already initialized, skipping
========================================================================
Worker process is ready to serve import requests
Launched and connected shader compiler UnityShaderCompiler.exe after 0.20 seconds
D3D shader create error for vertex shader [0x80070057]
D3D shader create error for vertex shader [0x80070057]
D3D shader create error for domain shader [0x80070057]
D3D shader create error for vertex shader [0x80070057]
D3D shader create error for vertex shader [0x80070057]
D3D shader create error for domain shader [0x80070057]
Shader warning in 'HDRP/LayeredLitTessellation': Ignoring duplicate keyword line 'multi_compile_instancing __ INSTANCING_ON'
Shader warning in 'HDRP/LayeredLitTessellation': Ignoring duplicate keyword line 'shader_feature _ DOTS_INSTANCING_ON'
Shader warning in 'HDRP/LayeredLitTessellation': Ignoring duplicate keyword line 'shader_feature _ LOD_FADE_CROSSFADE'
Refreshing native plugins compatible for Editor in 2.71 ms, found 5 plugins.
Preloading 0 native plugins for Editor in 0.00 ms.
Unloading 7630 Unused Serialized files (Serialized files now loaded: 0)
Unloading 218 unused Assets / (12.8 MB). Loaded Objects now: 7958.
Memory consumption went from 351.7 MB to 338.9 MB.
Total: 15.380600 ms (FindLiveObjects: 1.301800 ms CreateObjectMapping: 0.793800 ms MarkObjects: 10.457000 ms  DeleteObjects: 2.825600 ms)

AssetImportParameters requested are different than current active one (requested -> active):
  custom:video-decoder-ogg-theora: a1e56fd34408186e4bbccfd4996cb3dc -> 
  custom:container-muxer-webm: aa71ff27fc2769a1b78a27578f13a17b -> 
  custom:container-demuxer-webm: 4f35f7cbe854078d1ac9338744f61a02 -> 
  custom:video-encoder-webm-vp8: eb34c28f22e8b96e1ab97ce403110664 -> 
  custom:audio-encoder-webm-vorbis: bf7c407c2cedff20999df2af8eb42d56 -> 
  custom:framework-win-MediaFoundation: 216162199b28c13a410421893ffa2e32 -> 
  custom:container-demuxer-ogg: 62fdf1f143b41e24485cea50d1cbac27 -> 
  custom:video-decoder-webm-vp8: 9c59270c3fd7afecdb556c50c9e8de78 -> 
  custom:audio-decoder-ogg-vorbis: bf7c407c2cedff20999df2af8eb42d56 -> 
========================================================================
Received Import Request.
  Time since last request: 7872.637341 seconds.
  path: Assets/TerrainSampleAssets/Textures/Details/Grass_A_MaskMap.tif
  artifactKey: Guid(e9a1c1b060b9b2c4989233f1037f9d5d) Importer(815301076,1909f56bfc062723c751e8b465ee728b)
Start importing Assets/TerrainSampleAssets/Textures/Details/Grass_A_MaskMap.tif using Guid(e9a1c1b060b9b2c4989233f1037f9d5d) Importer(815301076,1909f56bfc062723c751e8b465ee728b)  -> (artifact id: '1ecf18b2ad78c8f377f3b4cf0a7fde3f') in 0.248816 seconds 
========================================================================
Received Import Request.
  Time since last request: 0.000049 seconds.
  path: Assets/TerrainSampleAssets/Textures/Heightmaps/Ridge05_Heightmap.tif
  artifactKey: Guid(d5746b47e7c4501479a9aaa297c095e3) Importer(815301076,1909f56bfc062723c751e8b465ee728b)
Start importing Assets/TerrainSampleAssets/Textures/Heightmaps/Ridge05_Heightmap.tif using Guid(d5746b47e7c4501479a9aaa297c095e3) Importer(815301076,1909f56bfc062723c751e8b465ee728b)  -> (artifact id: '74fe6d24c0b453ccc8b39c10beaea8e7') in 0.085323 seconds 
========================================================================
Received Import Request.
  Time since last request: 0.000057 seconds.
  path: Assets/TerrainSampleAssets/Textures/Heightmaps/Ridge_Edge01_Heightmap.tif
  artifactKey: Guid(b38901ae2e7149540aaa7fe2697aba3e) Importer(815301076,1909f56bfc062723c751e8b465ee728b)
Start importing Assets/TerrainSampleAssets/Textures/Heightmaps/Ridge_Edge01_Heightmap.tif using Guid(b38901ae2e7149540aaa7fe2697aba3e) Importer(815301076,1909f56bfc062723c751e8b465ee728b)  -> (artifact id: 'a8b105e7ad39ebaecca85a8820563860') in 0.085254 seconds 
========================================================================
Received Import Request.
  Time since last request: 0.000031 seconds.
  path: Assets/TerrainSampleAssets/Textures/Heightmaps
  artifactKey: Guid(acfbac3344b07ed4f84ebf0c8828a729) Importer(815301076,1909f56bfc062723c751e8b465ee728b)
Start importing Assets/TerrainSampleAssets/Textures/Heightmaps using Guid(acfbac3344b07ed4f84ebf0c8828a729) Importer(815301076,1909f56bfc062723c751e8b465ee728b)  -> (artifact id: '2a061eec075be7c7b8d0d49de40a7bd3') in 0.013461 seconds 
========================================================================
Received Import Request.
  Time since last request: 0.000037 seconds.
  path: Assets/TerrainSampleAssets/ShaderGraphs
  artifactKey: Guid(214f6da7065a69346b1ec423d8756968) Importer(815301076,1909f56bfc062723c751e8b465ee728b)
Start importing Assets/TerrainSampleAssets/ShaderGraphs using Guid(214f6da7065a69346b1ec423d8756968) Importer(815301076,1909f56bfc062723c751e8b465ee728b)  -> (artifact id: 'c2405a2396aac63244e6175dc1053da0') in 0.023720 seconds 
========================================================================
Received Import Request.
  Time since last request: 0.000037 seconds.
  path: Assets/TerrainSampleAssets/Textures/Heightmaps/Hills01_Heightmap.tiff
  artifactKey: Guid(0a9c4cb001d0620468e11a00fbe9e94e) Importer(815301076,1909f56bfc062723c751e8b465ee728b)
Start importing Assets/TerrainSampleAssets/Textures/Heightmaps/Hills01_Heightmap.tiff using Guid(0a9c4cb001d0620468e11a00fbe9e94e) Importer(815301076,1909f56bfc062723c751e8b465ee728b)  -> (artifact id: '01ac8972cc0dc09b010daac05089cd8f') in 0.056202 seconds 
========================================================================
Received Import Request.
  Time since last request: 0.000045 seconds.
  path: Assets/TerrainSampleAssets/Textures/Heightmaps/Mountain02_Heightmap.tif
  artifactKey: Guid(5b7433cfa322cdb4ba853ecd73127975) Importer(815301076,1909f56bfc062723c751e8b465ee728b)
Start importing Assets/TerrainSampleAssets/Textures/Heightmaps/Mountain02_Heightmap.tif using Guid(5b7433cfa322cdb4ba853ecd73127975) Importer(815301076,1909f56bfc062723c751e8b465ee728b)  -> (artifact id: '1d6bd871ba0a8b07ba058183f5cfaa7d') in 0.079122 seconds 
========================================================================
Received Import Request.
  Time since last request: 0.000049 seconds.
  path: Assets/TerrainSampleAssets/Textures
  artifactKey: Guid(2c15104c220656a448f8a2cd8dcd672a) Importer(815301076,1909f56bfc062723c751e8b465ee728b)
Start importing Assets/TerrainSampleAssets/Textures using Guid(2c15104c220656a448f8a2cd8dcd672a) Importer(815301076,1909f56bfc062723c751e8b465ee728b)  -> (artifact id: 'a3c75bd394259af43566940db7fa2a6b') in 0.013454 seconds 
========================================================================
Received Import Request.
  Time since last request: 0.000049 seconds.
  path: Assets/TerrainSampleAssets/Textures/Details/Bush_A_Normal.tif
  artifactKey: Guid(e1ef57925b58e624bb0ddcc506f28e94) Importer(815301076,1909f56bfc062723c751e8b465ee728b)
Start importing Assets/TerrainSampleAssets/Textures/Details/Bush_A_Normal.tif using Guid(e1ef57925b58e624bb0ddcc506f28e94) Importer(815301076,1909f56bfc062723c751e8b465ee728b)  -> (artifact id: 'de7488388776487aa1b0481ef5398e4c') in 0.154040 seconds 
========================================================================
Received Import Request.
  Time since last request: 0.000041 seconds.
  path: Assets/TerrainSampleAssets/Textures/Details/Grass_A_BaseColor.tif
  artifactKey: Guid(9bf68c6e5059e7549b60e91ca11987a6) Importer(815301076,1909f56bfc062723c751e8b465ee728b)
Start importing Assets/TerrainSampleAssets/Textures/Details/Grass_A_BaseColor.tif using Guid(9bf68c6e5059e7549b60e91ca11987a6) Importer(815301076,1909f56bfc062723c751e8b465ee728b)  -> (artifact id: 'c090917d6a4b3e86fdff90ff78913401') in 0.136897 seconds 
========================================================================
Received Import Request.
  Time since last request: 0.000080 seconds.
  path: Assets/TerrainSampleAssets/Textures/Heightmaps/Mountain11_Heightmap.tiff
  artifactKey: Guid(70e652ab807bd5c4ca36dc57a1ed6339) Importer(815301076,1909f56bfc062723c751e8b465ee728b)
Start importing Assets/TerrainSampleAssets/Textures/Heightmaps/Mountain11_Heightmap.tiff using Guid(70e652ab807bd5c4ca36dc57a1ed6339) Importer(815301076,1909f56bfc062723c751e8b465ee728b)  -> (artifact id: '2f4cb35783cc5fee739052e9c610e1e2') in 0.072395 seconds 
========================================================================
Received Import Request.
  Time since last request: 0.000038 seconds.
  path: Assets/TerrainSampleAssets/ShaderGraphs/Subgraphs/DistanceCutoff.shadersubgraph
  artifactKey: Guid(6c605407cd6fa244f8ff68955ae4b09f) Importer(815301076,1909f56bfc062723c751e8b465ee728b)
Start importing Assets/TerrainSampleAssets/ShaderGraphs/Subgraphs/DistanceCutoff.shadersubgraph using Guid(6c605407cd6fa244f8ff68955ae4b09f) Importer(815301076,1909f56bfc062723c751e8b465ee728b)  -> (artifact id: 'a00c63784654965ec5fee13ee46ae69a') in 0.021506 seconds 
========================================================================
Received Import Request.
  Time since last request: 0.000051 seconds.
  path: Assets/TerrainSampleAssets/Textures/Heightmaps/Plateau01_Heightmap.tif
  artifactKey: Guid(626e11c44313fda43a6979c9a04cd12e) Importer(815301076,1909f56bfc062723c751e8b465ee728b)
Start importing Assets/TerrainSampleAssets/Textures/Heightmaps/Plateau01_Heightmap.tif using Guid(626e11c44313fda43a6979c9a04cd12e) Importer(815301076,1909f56bfc062723c751e8b465ee728b)  -> (artifact id: '6757dcf0270f278bbd10983851377de1') in 0.037779 seconds 
========================================================================
Received Import Request.
  Time since last request: 0.000053 seconds.
  path: Assets/TerrainSampleAssets/Textures/Heightmaps/Slope02_Heightmap.tiff
  artifactKey: Guid(da02531a879811e48a7f7766744588c8) Importer(815301076,1909f56bfc062723c751e8b465ee728b)
Start importing Assets/TerrainSampleAssets/Textures/Heightmaps/Slope02_Heightmap.tiff using Guid(da02531a879811e48a7f7766744588c8) Importer(815301076,1909f56bfc062723c751e8b465ee728b)  -> (artifact id: '8641efaf614b611824f472319b31837c') in 0.042565 seconds 
========================================================================
Received Import Request.
  Time since last request: 0.000044 seconds.
  path: Assets/TerrainSampleAssets/Textures/Details/Heather_A_MaskMap.tif
  artifactKey: Guid(2acdbd081c9f4e7448a4885ecf259aaf) Importer(815301076,1909f56bfc062723c751e8b465ee728b)
Start importing Assets/TerrainSampleAssets/Textures/Details/Heather_A_MaskMap.tif using Guid(2acdbd081c9f4e7448a4885ecf259aaf) Importer(815301076,1909f56bfc062723c751e8b465ee728b)  -> (artifact id: '716e51991c01766c976c13abedbb2d72') in 0.065384 seconds 
========================================================================
Received Import Request.
  Time since last request: 0.000039 seconds.
  path: Assets/TerrainSampleAssets/Textures/Details/GrassDry_Thickness.tif
  artifactKey: Guid(77efac6da14b90f48895b89d90b5ef3f) Importer(815301076,1909f56bfc062723c751e8b465ee728b)
Start importing Assets/TerrainSampleAssets/Textures/Details/GrassDry_Thickness.tif using Guid(77efac6da14b90f48895b89d90b5ef3f) Importer(815301076,1909f56bfc062723c751e8b465ee728b)  -> (artifact id: 'a1301f677d26e01cc9c5ecb2d10e3cad') in 0.126121 seconds 
========================================================================
Received Import Request.
  Time since last request: 0.000042 seconds.
  path: Assets/TerrainSampleAssets/Textures/Details/Fern_Normal.tif
  artifactKey: Guid(8cb2914aba3e5d545bb189195869f9f4) Importer(815301076,1909f56bfc062723c751e8b465ee728b)
Start importing Assets/TerrainSampleAssets/Textures/Details/Fern_Normal.tif using Guid(8cb2914aba3e5d545bb189195869f9f4) Importer(815301076,1909f56bfc062723c751e8b465ee728b)  -> (artifact id: 'cfb0a1842222e3e3a78bcbfa4814bc8e') in 0.124256 seconds 
========================================================================
Received Import Request.
  Time since last request: 0.000042 seconds.
  path: Assets/TerrainSampleAssets/Textures/Details/BushDry_Normal.tif
  artifactKey: Guid(03fe3ff010bcfb3418536e2f7896257b) Importer(815301076,1909f56bfc062723c751e8b465ee728b)
Start importing Assets/TerrainSampleAssets/Textures/Details/BushDry_Normal.tif using Guid(03fe3ff010bcfb3418536e2f7896257b) Importer(815301076,1909f56bfc062723c751e8b465ee728b)  -> (artifact id: 'c1bbee90f94a124a827de382fee1dc5e') in 0.116232 seconds 
========================================================================
Received Import Request.
  Time since last request: 0.000031 seconds.
  path: Assets/TerrainSampleAssets/Textures/Terrain/Grass_A_Normal.tif
  artifactKey: Guid(a8a2fc863627f464e838ba616a1d5789) Importer(815301076,1909f56bfc062723c751e8b465ee728b)
Start importing Assets/TerrainSampleAssets/Textures/Terrain/Grass_A_Normal.tif using Guid(a8a2fc863627f464e838ba616a1d5789) Importer(815301076,1909f56bfc062723c751e8b465ee728b)  -> (artifact id: '63ab50fe8de36ccd9f1e7da5ef03adc4') in 0.196213 seconds 
========================================================================
Received Import Request.
  Time since last request: 0.000046 seconds.
  path: Assets/TerrainSampleAssets/Textures/Terrain/Sand_MaskMap.tif
  artifactKey: Guid(32c701976955001429b200f33da0d4a9) Importer(815301076,1909f56bfc062723c751e8b465ee728b)
Start importing Assets/TerrainSampleAssets/Textures/Terrain/Sand_MaskMap.tif using Guid(32c701976955001429b200f33da0d4a9) Importer(815301076,1909f56bfc062723c751e8b465ee728b)  -> (artifact id: 'fb68ba9877fe4018e7473ffeaa8e1066') in 0.301995 seconds 
========================================================================
Received Import Request.
  Time since last request: 0.000052 seconds.
  path: Assets/TerrainSampleAssets/Textures/Terrain/Grass_Dry_MaskMap.tif
  artifactKey: Guid(9f2c593ad6e69ad4ab880e57ce9b69d6) Importer(815301076,1909f56bfc062723c751e8b465ee728b)
Start importing Assets/TerrainSampleAssets/Textures/Terrain/Grass_Dry_MaskMap.tif using Guid(9f2c593ad6e69ad4ab880e57ce9b69d6) Importer(815301076,1909f56bfc062723c751e8b465ee728b)  -> (artifact id: 'fcd943640ea4cc8a33c81c67607534e6') in 0.092800 seconds 
========================================================================
Received Import Request.
  Time since last request: 0.000040 seconds.
  path: Assets/TerrainSampleAssets/Textures/Terrain/Soil_Rocks_Normal.tif
  artifactKey: Guid(773f0cf0efc85a14a9f70e559642746f) Importer(815301076,1909f56bfc062723c751e8b465ee728b)
Start importing Assets/TerrainSampleAssets/Textures/Terrain/Soil_Rocks_Normal.tif using Guid(773f0cf0efc85a14a9f70e559642746f) Importer(815301076,1909f56bfc062723c751e8b465ee728b)  -> (artifact id: '8dafbae96b92115ab2165bff6882ddb9') in 0.213718 seconds 
========================================================================
Received Import Request.
  Time since last request: 0.000046 seconds.
  path: Assets/TerrainSampleAssets/Textures/Terrain/Soil_Rocks_BaseColor.tif
  artifactKey: Guid(e257fa53a087b404d8579225e1c7cddb) Importer(815301076,1909f56bfc062723c751e8b465ee728b)
Start importing Assets/TerrainSampleAssets/Textures/Terrain/Soil_Rocks_BaseColor.tif using Guid(e257fa53a087b404d8579225e1c7cddb) Importer(815301076,1909f56bfc062723c751e8b465ee728b)  -> (artifact id: '275839ad662c1366a7c43620553ac59c') in 0.159286 seconds 
========================================================================
Received Import Request.
  Time since last request: 0.000052 seconds.
  path: Assets/TerrainSampleAssets/Textures/Terrain/Muddy_Normal.tif
  artifactKey: Guid(86f7d07dde38b154188fd60359df541e) Importer(815301076,1909f56bfc062723c751e8b465ee728b)
Start importing Assets/TerrainSampleAssets/Textures/Terrain/Muddy_Normal.tif using Guid(86f7d07dde38b154188fd60359df541e) Importer(815301076,1909f56bfc062723c751e8b465ee728b)  -> (artifact id: '62481a385868034f7dc2d2d255224d5b') in 0.236556 seconds 
========================================================================
Received Import Request.
  Time since last request: 0.000044 seconds.
  path: Assets/TerrainSampleAssets/Textures/Terrain/Black_Sand_BaseColor.tif
  artifactKey: Guid(0b59c495bf285c442b1b799c94a9f8aa) Importer(815301076,1909f56bfc062723c751e8b465ee728b)
Start importing Assets/TerrainSampleAssets/Textures/Terrain/Black_Sand_BaseColor.tif using Guid(0b59c495bf285c442b1b799c94a9f8aa) Importer(815301076,1909f56bfc062723c751e8b465ee728b)  -> (artifact id: 'e0471951937c3f4eac037dbc70681924') in 0.204338 seconds 
========================================================================
Received Import Request.
  Time since last request: 0.000051 seconds.
  path: Assets/TerrainSampleAssets/Textures/Terrain/Rock_MaskMap.tif
  artifactKey: Guid(30b51375156b10e4780537d5793a26c9) Importer(815301076,1909f56bfc062723c751e8b465ee728b)
Start importing Assets/TerrainSampleAssets/Textures/Terrain/Rock_MaskMap.tif using Guid(30b51375156b10e4780537d5793a26c9) Importer(815301076,1909f56bfc062723c751e8b465ee728b)  -> (artifact id: 'bb51009be3dc0b697810f579ded9bb81') in 0.233773 seconds 
========================================================================
Received Import Request.
  Time since last request: 0.000030 seconds.
  path: Assets/TerrainSampleAssets/Textures/Terrain/Snow_Normal.tif
  artifactKey: Guid(baca4d94b1d1d8046ab52ce1570a24c7) Importer(815301076,1909f56bfc062723c751e8b465ee728b)
Start importing Assets/TerrainSampleAssets/Textures/Terrain/Snow_Normal.tif using Guid(baca4d94b1d1d8046ab52ce1570a24c7) Importer(815301076,1909f56bfc062723c751e8b465ee728b)  -> (artifact id: 'ef0ad08627f65e402322c2071f7ae631') in 0.163183 seconds 
========================================================================
Received Import Request.
  Time since last request: 0.000060 seconds.
  path: Assets/TerrainSampleAssets/Textures/Terrain/Grass_B_Normal.tif
  artifactKey: Guid(eb70932bab3d971408c011dbb45767a9) Importer(815301076,1909f56bfc062723c751e8b465ee728b)
Start importing Assets/TerrainSampleAssets/Textures/Terrain/Grass_B_Normal.tif using Guid(eb70932bab3d971408c011dbb45767a9) Importer(815301076,1909f56bfc062723c751e8b465ee728b)  -> (artifact id: '75146a8d20b7c764d518c545e3498904') in 0.188792 seconds 
========================================================================
Received Import Request.
  Time since last request: 0.000052 seconds.
  path: Assets/TerrainSampleAssets/Textures/Terrain/Pebbles_A_Normal.tif
  artifactKey: Guid(00eadd7ea2cbbf14ca338babf410bdf4) Importer(815301076,1909f56bfc062723c751e8b465ee728b)
Start importing Assets/TerrainSampleAssets/Textures/Terrain/Pebbles_A_Normal.tif using Guid(00eadd7ea2cbbf14ca338babf410bdf4) Importer(815301076,1909f56bfc062723c751e8b465ee728b)  -> (artifact id: '6c68cb3d484f1e4e9971b5daa5275d64') in 0.275291 seconds 
========================================================================
Received Import Request.
  Time since last request: 0.000057 seconds.
  path: Assets/TerrainSampleAssets/Textures/Terrain/Soil_Rocks_MaskMap.tif
  artifactKey: Guid(b1c590e575d73224eb6773fd8c1cbb64) Importer(815301076,1909f56bfc062723c751e8b465ee728b)
Start importing Assets/TerrainSampleAssets/Textures/Terrain/Soil_Rocks_MaskMap.tif using Guid(b1c590e575d73224eb6773fd8c1cbb64) Importer(815301076,1909f56bfc062723c751e8b465ee728b)  -> (artifact id: '934f86d0aa3cf56ad4b9993824d809f7') in 0.183791 seconds 
========================================================================
Received Import Request.
  Time since last request: 0.000067 seconds.
  path: Assets/TerrainSampleAssets/Textures/Heightmaps/Errosion02_Heightmap.tif
  artifactKey: Guid(8d909223d66b7cd4d9719d37ee403dff) Importer(815301076,1909f56bfc062723c751e8b465ee728b)
Start importing Assets/TerrainSampleAssets/Textures/Heightmaps/Errosion02_Heightmap.tif using Guid(8d909223d66b7cd4d9719d37ee403dff) Importer(815301076,1909f56bfc062723c751e8b465ee728b)  -> (artifact id: '7ba12a114927d38cfc8b136dbe7cfdc3') in 0.069906 seconds 
========================================================================
Received Import Request.
  Time since last request: 0.000044 seconds.
  path: Assets/TerrainSampleAssets/Textures/Heightmaps/Plateau03_Heightmap.tif
  artifactKey: Guid(116d48bc82e4c0a4683cbd79927b4596) Importer(815301076,1909f56bfc062723c751e8b465ee728b)
Start importing Assets/TerrainSampleAssets/Textures/Heightmaps/Plateau03_Heightmap.tif using Guid(116d48bc82e4c0a4683cbd79927b4596) Importer(815301076,1909f56bfc062723c751e8b465ee728b)  -> (artifact id: '2991c326345662ffea9a38c1774f0762') in 0.070235 seconds 
========================================================================
Received Import Request.
  Time since last request: 0.000038 seconds.
  path: Assets/TerrainSampleAssets/Textures/Heightmaps/Mountain10_Heightmap.tiff
  artifactKey: Guid(54acc9c7b90e7844c8110362dbe968ad) Importer(815301076,1909f56bfc062723c751e8b465ee728b)
Start importing Assets/TerrainSampleAssets/Textures/Heightmaps/Mountain10_Heightmap.tiff using Guid(54acc9c7b90e7844c8110362dbe968ad) Importer(815301076,1909f56bfc062723c751e8b465ee728b)  -> (artifact id: '94f2b81673ce7051dcdead21e75bc18f') in 0.054453 seconds 
========================================================================
Received Import Request.
  Time since last request: 0.000055 seconds.
  path: Assets/TerrainSampleAssets/Textures/Details/Plant_Normal.tif
  artifactKey: Guid(bcd36bed575f11d42bc048f705b8b6a5) Importer(815301076,1909f56bfc062723c751e8b465ee728b)
Start importing Assets/TerrainSampleAssets/Textures/Details/Plant_Normal.tif using Guid(bcd36bed575f11d42bc048f705b8b6a5) Importer(815301076,1909f56bfc062723c751e8b465ee728b)  -> (artifact id: 'ea0e17a0c590188f049957fe1d7cf1ed') in 0.028823 seconds 
========================================================================
Received Import Request.
  Time since last request: 0.000048 seconds.
  path: Assets/TerrainSampleAssets/Textures/Details/Fern_Thickness.tif
  artifactKey: Guid(daa49585c030643489dad5c6e4680dca) Importer(815301076,1909f56bfc062723c751e8b465ee728b)
Start importing Assets/TerrainSampleAssets/Textures/Details/Fern_Thickness.tif using Guid(daa49585c030643489dad5c6e4680dca) Importer(815301076,1909f56bfc062723c751e8b465ee728b)  -> (artifact id: '17ac271f2e9f7793f2443cb5cc976656') in 0.179998 seconds 
========================================================================
Received Import Request.
  Time since last request: 0.000055 seconds.
  path: Assets/TerrainSampleAssets/Textures/Heightmaps/Ridge01_Heightmap.tif
  artifactKey: Guid(2093015066086b94e9636a0e1f1344ea) Importer(815301076,1909f56bfc062723c751e8b465ee728b)
Start importing Assets/TerrainSampleAssets/Textures/Heightmaps/Ridge01_Heightmap.tif using Guid(2093015066086b94e9636a0e1f1344ea) Importer(815301076,1909f56bfc062723c751e8b465ee728b)  -> (artifact id: '325741aef83fa465883e2e562d1f04a3') in 0.062820 seconds 
========================================================================
Received Import Request.
  Time since last request: 0.000092 seconds.
  path: Assets/TerrainSampleAssets/Textures/Terrain/Snow_BaseColor.tif
  artifactKey: Guid(ffa01093856b873448237de84289ee85) Importer(815301076,1909f56bfc062723c751e8b465ee728b)
Start importing Assets/TerrainSampleAssets/Textures/Terrain/Snow_BaseColor.tif using Guid(ffa01093856b873448237de84289ee85) Importer(815301076,1909f56bfc062723c751e8b465ee728b)  -> (artifact id: 'd377a5e0ac5218c28d2cff63f5c42eb8') in 0.184935 seconds 
========================================================================
Received Import Request.
  Time since last request: 0.000035 seconds.
  path: Assets/TerrainSampleAssets/Textures/Terrain/Grass_Dry_Normal.tif
  artifactKey: Guid(d835c61db4c94444eabef9cf95e8a7c4) Importer(815301076,1909f56bfc062723c751e8b465ee728b)
Start importing Assets/TerrainSampleAssets/Textures/Terrain/Grass_Dry_Normal.tif using Guid(d835c61db4c94444eabef9cf95e8a7c4) Importer(815301076,1909f56bfc062723c751e8b465ee728b)  -> (artifact id: 'b9787a063f8cd970d10976b77fce3c9b') in 0.024503 seconds 
========================================================================
Received Import Request.
  Time since last request: 0.000046 seconds.
  path: Assets/TerrainSampleAssets/Textures/Terrain/Tidal_Pools_Normal.tif
  artifactKey: Guid(28b218fb0e12c994d8f0b586f65545f2) Importer(815301076,1909f56bfc062723c751e8b465ee728b)
Start importing Assets/TerrainSampleAssets/Textures/Terrain/Tidal_Pools_Normal.tif using Guid(28b218fb0e12c994d8f0b586f65545f2) Importer(815301076,1909f56bfc062723c751e8b465ee728b)  -> (artifact id: '4744eaa4266492118c3ed1ab47141012') in 0.530910 seconds 
========================================================================
Received Import Request.
  Time since last request: 0.000054 seconds.
  path: Assets/TerrainSampleAssets/Textures/Heightmaps/Volcano01_Heightmap.tif
  artifactKey: Guid(363319f155d126f42babcdde1483c92d) Importer(815301076,1909f56bfc062723c751e8b465ee728b)
Start importing Assets/TerrainSampleAssets/Textures/Heightmaps/Volcano01_Heightmap.tif using Guid(363319f155d126f42babcdde1483c92d) Importer(815301076,1909f56bfc062723c751e8b465ee728b)  -> (artifact id: 'd7ce94143da84f81f68b84e0e2adf5a6') in 0.053837 seconds 
========================================================================
Received Import Request.
  Time since last request: 0.000045 seconds.
  path: Assets/TerrainSampleAssets/Textures/Terrain/Rock_BaseColor.tif
  artifactKey: Guid(7e35234e281d141418972228ee38415e) Importer(815301076,1909f56bfc062723c751e8b465ee728b)
Start importing Assets/TerrainSampleAssets/Textures/Terrain/Rock_BaseColor.tif using Guid(7e35234e281d141418972228ee38415e) Importer(815301076,1909f56bfc062723c751e8b465ee728b)  -> (artifact id: '7f1a6124a1a516dcda0186b9a5aebc0a') in 0.267207 seconds 
========================================================================
Received Import Request.
  Time since last request: 0.000035 seconds.
  path: Assets/TerrainSampleAssets/Textures/Details/Grass_C_MaskMap.tif
  artifactKey: Guid(20e5036a7508c01479cdb7338b1c86cc) Importer(815301076,1909f56bfc062723c751e8b465ee728b)
Start importing Assets/TerrainSampleAssets/Textures/Details/Grass_C_MaskMap.tif using Guid(20e5036a7508c01479cdb7338b1c86cc) Importer(815301076,1909f56bfc062723c751e8b465ee728b)  -> (artifact id: 'b0f9adb350535634c6cfb9e26c5183a5') in 0.217330 seconds 
========================================================================
Received Import Request.
  Time since last request: 0.000068 seconds.
  path: Assets/TerrainSampleAssets/Textures/Details/Grass_C_Thickness.tif
  artifactKey: Guid(5ac60e8e8739b1f4daeb70e1c662df49) Importer(815301076,1909f56bfc062723c751e8b465ee728b)
Start importing Assets/TerrainSampleAssets/Textures/Details/Grass_C_Thickness.tif using Guid(5ac60e8e8739b1f4daeb70e1c662df49) Importer(815301076,1909f56bfc062723c751e8b465ee728b)  -> (artifact id: 'd188f279e54918f1b9a6764263baa75c') in 0.184613 seconds 
========================================================================
Received Import Request.
  Time since last request: 0.000065 seconds.
  path: Assets/TerrainSampleAssets/Textures/Details/Bush_A_BaseColor.tif
  artifactKey: Guid(eb04da16cbc16c9488332336fb11b965) Importer(815301076,1909f56bfc062723c751e8b465ee728b)
Start importing Assets/TerrainSampleAssets/Textures/Details/Bush_A_BaseColor.tif using Guid(eb04da16cbc16c9488332336fb11b965) Importer(815301076,1909f56bfc062723c751e8b465ee728b)  -> (artifact id: 'f2ca38a43a028524ab31791746b5bbdb') in 0.327462 seconds 
========================================================================
Received Import Request.
  Time since last request: 0.000043 seconds.
  path: Assets/TerrainSampleAssets/Textures/Heightmaps/Mountain05_Heightmap.tif
  artifactKey: Guid(59cf4095c6c8e0f488ebe12abd1e569a) Importer(815301076,1909f56bfc062723c751e8b465ee728b)
Start importing Assets/TerrainSampleAssets/Textures/Heightmaps/Mountain05_Heightmap.tif using Guid(59cf4095c6c8e0f488ebe12abd1e569a) Importer(815301076,1909f56bfc062723c751e8b465ee728b)  -> (artifact id: '13d4b6713856f1e553646cfbacb3524f') in 0.212262 seconds 
========================================================================
Received Import Request.
  Time since last request: 0.000182 seconds.
  path: Assets/TerrainSampleAssets/Textures/Terrain/Rock_Normal.tif
  artifactKey: Guid(d39a1b9e5d5c7b9499f579fa5c70a2a3) Importer(815301076,1909f56bfc062723c751e8b465ee728b)
Start importing Assets/TerrainSampleAssets/Textures/Terrain/Rock_Normal.tif using Guid(d39a1b9e5d5c7b9499f579fa5c70a2a3) Importer(815301076,1909f56bfc062723c751e8b465ee728b)  -> (artifact id: 'a557b1ac1329db75b6ca12021f883df3') in 0.401900 seconds 
========================================================================
Received Import Request.
  Time since last request: 0.000068 seconds.
  path: Assets/TerrainSampleAssets/Textures/Terrain/Tidal_Pools_BaseColor.tif
  artifactKey: Guid(65c50b065f264b042a12153fb6454aa5) Importer(815301076,1909f56bfc062723c751e8b465ee728b)
Start importing Assets/TerrainSampleAssets/Textures/Terrain/Tidal_Pools_BaseColor.tif using Guid(65c50b065f264b042a12153fb6454aa5) Importer(815301076,1909f56bfc062723c751e8b465ee728b)  -> (artifact id: 'ec0802276b7d63b577defa49101d1713') in 0.333027 seconds 
========================================================================
Received Import Request.
  Time since last request: 0.000038 seconds.
  path: Assets/TerrainSampleAssets/Textures/Heightmaps/Canyon05_Heightmap.tif
  artifactKey: Guid(3771b24b1afb4bd4d86e3ba795b65a32) Importer(815301076,1909f56bfc062723c751e8b465ee728b)
Start importing Assets/TerrainSampleAssets/Textures/Heightmaps/Canyon05_Heightmap.tif using Guid(3771b24b1afb4bd4d86e3ba795b65a32) Importer(815301076,1909f56bfc062723c751e8b465ee728b)  -> (artifact id: 'e2441c1523ca069d536d18d8d2cea852') in 0.039276 seconds 
========================================================================
Received Import Request.
  Time since last request: 0.000089 seconds.
  path: Assets/TerrainSampleAssets/Textures/Terrain/Grass_Soil_MaskMap.tif
  artifactKey: Guid(61a6ad6be0be2b444addf88107c0fda2) Importer(815301076,1909f56bfc062723c751e8b465ee728b)
Start importing Assets/TerrainSampleAssets/Textures/Terrain/Grass_Soil_MaskMap.tif using Guid(61a6ad6be0be2b444addf88107c0fda2) Importer(815301076,1909f56bfc062723c751e8b465ee728b)  -> (artifact id: '9c169efeeeda826047991f529b5578f1') in 0.139560 seconds 
========================================================================
Received Import Request.
  Time since last request: 0.000041 seconds.
  path: Assets/TerrainSampleAssets/Textures/Heightmaps/Ridge06_Heightmap.tif
  artifactKey: Guid(deb3fcdbaaa2cf64f90d5a341ffd9939) Importer(815301076,1909f56bfc062723c751e8b465ee728b)
Start importing Assets/TerrainSampleAssets/Textures/Heightmaps/Ridge06_Heightmap.tif using Guid(deb3fcdbaaa2cf64f90d5a341ffd9939) Importer(815301076,1909f56bfc062723c751e8b465ee728b)  -> (artifact id: 'f5a032db26aacf8f44f9721f1f332d4d') in 0.064236 seconds 
========================================================================
Received Import Request.
  Time since last request: 0.000036 seconds.
  path: Assets/TerrainSampleAssets/Textures/Terrain
  artifactKey: Guid(403f503485f141040ad4a96e37fbf98b) Importer(815301076,1909f56bfc062723c751e8b465ee728b)
Start importing Assets/TerrainSampleAssets/Textures/Terrain using Guid(403f503485f141040ad4a96e37fbf98b) Importer(815301076,1909f56bfc062723c751e8b465ee728b)  -> (artifact id: 'efe3fe8173c71157634c208a666cae36') in 0.015522 seconds 
========================================================================
Received Import Request.
  Time since last request: 0.000053 seconds.
  path: Assets/TerrainSampleAssets/ShaderGraphs/CustomFunctions
  artifactKey: Guid(c0128420d5302954b97619d21b50d2b3) Importer(815301076,1909f56bfc062723c751e8b465ee728b)
Start importing Assets/TerrainSampleAssets/ShaderGraphs/CustomFunctions using Guid(c0128420d5302954b97619d21b50d2b3) Importer(815301076,1909f56bfc062723c751e8b465ee728b)  -> (artifact id: '1668d52fbdd87ea009ca2342e960bc60') in 0.016137 seconds 
========================================================================
Received Import Request.
  Time since last request: 0.000042 seconds.
  path: Assets/TerrainSampleAssets/Textures/Terrain/Pebbles_C_BaseColor.tif
  artifactKey: Guid(8e255f57d15705e488d4db5425239501) Importer(815301076,1909f56bfc062723c751e8b465ee728b)
Start importing Assets/TerrainSampleAssets/Textures/Terrain/Pebbles_C_BaseColor.tif using Guid(8e255f57d15705e488d4db5425239501) Importer(815301076,1909f56bfc062723c751e8b465ee728b)  -> (artifact id: '8bb767e8aedcea2eb144ecbd913bc3c8') in 0.098371 seconds 
========================================================================
Received Import Request.
  Time since last request: 0.000046 seconds.
  path: Assets/TerrainSampleAssets/Textures/Terrain/Grass_Moss_BaseColor.tif
  artifactKey: Guid(d44cec25420524046b0137655ed7f307) Importer(815301076,1909f56bfc062723c751e8b465ee728b)
Start importing Assets/TerrainSampleAssets/Textures/Terrain/Grass_Moss_BaseColor.tif using Guid(d44cec25420524046b0137655ed7f307) Importer(815301076,1909f56bfc062723c751e8b465ee728b)  -> (artifact id: '93d4b254c9fa257b94fda004971ab42a') in 0.110100 seconds 
========================================================================
Received Import Request.
  Time since last request: 0.000043 seconds.
  path: Assets/TerrainSampleAssets/Textures/Details/GrassDry_MaskMap.tif
  artifactKey: Guid(d3cf4500414007c4c895584cfcf1fbc3) Importer(815301076,1909f56bfc062723c751e8b465ee728b)
Start importing Assets/TerrainSampleAssets/Textures/Details/GrassDry_MaskMap.tif using Guid(d3cf4500414007c4c895584cfcf1fbc3) Importer(815301076,1909f56bfc062723c751e8b465ee728b)  -> (artifact id: 'bf14e3eb2b5dcee1e42bfafd883db7bc') in 0.094632 seconds 
========================================================================
Received Import Request.
  Time since last request: 0.000051 seconds.
  path: Assets/TerrainSampleAssets/Textures/Heightmaps/Mountain04_Heightmap.tif
  artifactKey: Guid(a1f4f845b9208d64a95cc6177a9b2abc) Importer(815301076,1909f56bfc062723c751e8b465ee728b)
Start importing Assets/TerrainSampleAssets/Textures/Heightmaps/Mountain04_Heightmap.tif using Guid(a1f4f845b9208d64a95cc6177a9b2abc) Importer(815301076,1909f56bfc062723c751e8b465ee728b)  -> (artifact id: 'c23eec94ba0189cdd3107092814b0525') in 0.062026 seconds 
========================================================================
Received Import Request.
  Time since last request: 0.000038 seconds.
  path: Assets/TerrainSampleAssets/Textures/Details/Fern_BaseColor.tif
  artifactKey: Guid(f3661c5aa3d7dc141aebd059ea67047b) Importer(815301076,1909f56bfc062723c751e8b465ee728b)
Start importing Assets/TerrainSampleAssets/Textures/Details/Fern_BaseColor.tif using Guid(f3661c5aa3d7dc141aebd059ea67047b) Importer(815301076,1909f56bfc062723c751e8b465ee728b)  -> (artifact id: '9b38a7e2d2b851cb069f58d991ce857b') in 0.124264 seconds 
========================================================================
Received Import Request.
  Time since last request: 0.000045 seconds.
  path: Assets/TerrainSampleAssets/Textures/Heightmaps/Slope04_Heightmap.tiff
  artifactKey: Guid(bac2ee7bfc3dea8438d082adcfe5219b) Importer(815301076,1909f56bfc062723c751e8b465ee728b)
Start importing Assets/TerrainSampleAssets/Textures/Heightmaps/Slope04_Heightmap.tiff using Guid(bac2ee7bfc3dea8438d082adcfe5219b) Importer(815301076,1909f56bfc062723c751e8b465ee728b)  -> (artifact id: 'e7619d589ec26a4d4b368b597bac40ef') in 0.048301 seconds 
========================================================================
Received Import Request.
  Time since last request: 0.000043 seconds.
  path: Assets/TerrainSampleAssets/Textures/Details/Grass_A_Thickness.tif
  artifactKey: Guid(5bdbe53dce2414e458937234dce49479) Importer(815301076,1909f56bfc062723c751e8b465ee728b)
Start importing Assets/TerrainSampleAssets/Textures/Details/Grass_A_Thickness.tif using Guid(5bdbe53dce2414e458937234dce49479) Importer(815301076,1909f56bfc062723c751e8b465ee728b)  -> (artifact id: 'b0a263a58eb4b4b9dd2fac75136f72a5') in 0.091768 seconds 
========================================================================
Received Import Request.
  Time since last request: 0.000037 seconds.
  path: Assets/TerrainSampleAssets/Textures/Heightmaps/Default_White.tif
  artifactKey: Guid(63c633526981fac49b5eb44c0212bf2f) Importer(815301076,1909f56bfc062723c751e8b465ee728b)
Start importing Assets/TerrainSampleAssets/Textures/Heightmaps/Default_White.tif using Guid(63c633526981fac49b5eb44c0212bf2f) Importer(815301076,1909f56bfc062723c751e8b465ee728b)  -> (artifact id: 'a7681eda82578a40228a449588681aa2') in 0.030483 seconds 
========================================================================
Received Import Request.
  Time since last request: 0.000042 seconds.
  path: Assets/TerrainSampleAssets/Textures/Details/GrassDry_BaseColor.tif
  artifactKey: Guid(3785d5abd275c7147a10aa4bf8720df4) Importer(815301076,1909f56bfc062723c751e8b465ee728b)
Start importing Assets/TerrainSampleAssets/Textures/Details/GrassDry_BaseColor.tif using Guid(3785d5abd275c7147a10aa4bf8720df4) Importer(815301076,1909f56bfc062723c751e8b465ee728b)  -> (artifact id: '6954535e2278980a08e5be79622799b6') in 0.164374 seconds 
========================================================================
Received Import Request.
  Time since last request: 0.000045 seconds.
  path: Assets/TerrainSampleAssets/Textures/Details/Grass_A_Normal.tif
  artifactKey: Guid(9a1568052101f2f48ba76e7342adc3f3) Importer(815301076,1909f56bfc062723c751e8b465ee728b)
Start importing Assets/TerrainSampleAssets/Textures/Details/Grass_A_Normal.tif using Guid(9a1568052101f2f48ba76e7342adc3f3) Importer(815301076,1909f56bfc062723c751e8b465ee728b)  -> (artifact id: '34e39322f078c127e0d98546b77793ba') in 0.135942 seconds 
========================================================================
Received Import Request.
  Time since last request: 0.000033 seconds.
  path: Assets/TerrainSampleAssets/Textures/Details/Heather_A_BaseColor.tif
  artifactKey: Guid(deb3a5099f3fc81408def7e176a5f5de) Importer(815301076,1909f56bfc062723c751e8b465ee728b)
Start importing Assets/TerrainSampleAssets/Textures/Details/Heather_A_BaseColor.tif using Guid(deb3a5099f3fc81408def7e176a5f5de) Importer(815301076,1909f56bfc062723c751e8b465ee728b)  -> (artifact id: '8263a4d9c3a1a0a9aa63d393ac7867f7') in 0.057249 seconds 
========================================================================
Received Import Request.
  Time since last request: 0.000043 seconds.
  path: Assets/TerrainSampleAssets/ShaderGraphs/Subgraphs/PipelineSwitch.shadersubgraph
  artifactKey: Guid(31fa38c326a958b4c85964d5d54981a0) Importer(815301076,1909f56bfc062723c751e8b465ee728b)
Start importing Assets/TerrainSampleAssets/ShaderGraphs/Subgraphs/PipelineSwitch.shadersubgraph using Guid(31fa38c326a958b4c85964d5d54981a0) Importer(815301076,1909f56bfc062723c751e8b465ee728b)  -> (artifact id: '9174c3faabbdeddf1e0071f8e54f7464') in 0.016723 seconds 
========================================================================
Received Import Request.
  Time since last request: 0.000058 seconds.
  path: Assets/TerrainSampleAssets/Textures/Terrain/Pebbles_C_MaskMap.tif
  artifactKey: Guid(37bf2efdabb269f4b891344af9233d9e) Importer(815301076,1909f56bfc062723c751e8b465ee728b)
Start importing Assets/TerrainSampleAssets/Textures/Terrain/Pebbles_C_MaskMap.tif using Guid(37bf2efdabb269f4b891344af9233d9e) Importer(815301076,1909f56bfc062723c751e8b465ee728b)  -> (artifact id: '8d843e81c7f46884243de825916b8a92') in 0.201340 seconds 
========================================================================
Received Import Request.
  Time since last request: 0.000044 seconds.
  path: Assets/TerrainSampleAssets/Textures/Heightmaps/Canyon04_Heightmap.tif
  artifactKey: Guid(fd3a283142a57bd4aa8029f5e0705fc5) Importer(815301076,1909f56bfc062723c751e8b465ee728b)
Start importing Assets/TerrainSampleAssets/Textures/Heightmaps/Canyon04_Heightmap.tif using Guid(fd3a283142a57bd4aa8029f5e0705fc5) Importer(815301076,1909f56bfc062723c751e8b465ee728b)  -> (artifact id: 'ca10090bc31e3dff1554bc312573f2e2') in 0.050160 seconds 
========================================================================
Received Import Request.
  Time since last request: 0.000041 seconds.
  path: Assets/TerrainSampleAssets/Textures/Heightmaps/Mountain01_Heightmap.tif
  artifactKey: Guid(6cfb129191988d84eafe31848415a233) Importer(815301076,1909f56bfc062723c751e8b465ee728b)
Start importing Assets/TerrainSampleAssets/Textures/Heightmaps/Mountain01_Heightmap.tif using Guid(6cfb129191988d84eafe31848415a233) Importer(815301076,1909f56bfc062723c751e8b465ee728b)  -> (artifact id: '760a88f4b7674acf36be5e4fddaa1d46') in 0.034486 seconds 
========================================================================
Received Import Request.
  Time since last request: 4.545119 seconds.
  path: Assets/TerrainSampleAssets/TerrainLayers/Black_Sand_TerrainLayer.terrainlayer
  artifactKey: Guid(ce833e94f7f7eea468b012546444cf0c) Importer(815301076,1909f56bfc062723c751e8b465ee728b)
Start importing Assets/TerrainSampleAssets/TerrainLayers/Black_Sand_TerrainLayer.terrainlayer using Guid(ce833e94f7f7eea468b012546444cf0c) Importer(815301076,1909f56bfc062723c751e8b465ee728b)  -> (artifact id: 'eba96a29fea8eaa953ac323b8dfa199d') in 0.107447 seconds 
========================================================================
Received Import Request.
  Time since last request: 0.000039 seconds.
  path: Assets/TerrainSampleAssets/TerrainLayers/Grass_Dry_TerrainLayer.terrainlayer
  artifactKey: Guid(0cbb01b61ed524a48a119d81aa262fed) Importer(815301076,1909f56bfc062723c751e8b465ee728b)
Start importing Assets/TerrainSampleAssets/TerrainLayers/Grass_Dry_TerrainLayer.terrainlayer using Guid(0cbb01b61ed524a48a119d81aa262fed) Importer(815301076,1909f56bfc062723c751e8b465ee728b)  -> (artifact id: '2b444bb4f6db2a39a1e6d1d2666cc3cf') in 0.069019 seconds 
========================================================================
Received Import Request.
  Time since last request: 0.000044 seconds.
  path: Assets/TerrainSampleAssets/TerrainLayers/Muddy_TerrainLayer.terrainlayer
  artifactKey: Guid(091511b8c4f042c4082a4d5af73e92c7) Importer(815301076,1909f56bfc062723c751e8b465ee728b)
Start importing Assets/TerrainSampleAssets/TerrainLayers/Muddy_TerrainLayer.terrainlayer using Guid(091511b8c4f042c4082a4d5af73e92c7) Importer(815301076,1909f56bfc062723c751e8b465ee728b)  -> (artifact id: '5caeb849d781bef82cd364e61f0440d4') in 0.086824 seconds 
========================================================================
Received Import Request.
  Time since last request: 0.000038 seconds.
  path: Assets/TerrainSampleAssets/TerrainLayers/Snow_TerrainLayer.terrainlayer
  artifactKey: Guid(59b98ca43f27d8c4a89d4058d2a962e5) Importer(815301076,1909f56bfc062723c751e8b465ee728b)
Start importing Assets/TerrainSampleAssets/TerrainLayers/Snow_TerrainLayer.terrainlayer using Guid(59b98ca43f27d8c4a89d4058d2a962e5) Importer(815301076,1909f56bfc062723c751e8b465ee728b)  -> (artifact id: '29df263944c22beed7734903122d208e') in 0.055821 seconds 
========================================================================
Received Import Request.
  Time since last request: 0.000038 seconds.
  path: Assets/TerrainSampleAssets/TerrainLayers/Grass_Moss_TerrainLayer.terrainlayer
  artifactKey: Guid(d25c8def728088547ae6a1024dd9b481) Importer(815301076,1909f56bfc062723c751e8b465ee728b)
Start importing Assets/TerrainSampleAssets/TerrainLayers/Grass_Moss_TerrainLayer.terrainlayer using Guid(d25c8def728088547ae6a1024dd9b481) Importer(815301076,1909f56bfc062723c751e8b465ee728b)  -> (artifact id: 'c6d4f74043cd976227c78845aba6f81c') in 0.066143 seconds 
========================================================================
Received Import Request.
  Time since last request: 0.000036 seconds.
  path: Assets/TerrainSampleAssets/TerrainLayers/Pebbles_B_TerrainLayer.terrainlayer
  artifactKey: Guid(d1685375fd84e62439c572449faa4657) Importer(815301076,1909f56bfc062723c751e8b465ee728b)
Start importing Assets/TerrainSampleAssets/TerrainLayers/Pebbles_B_TerrainLayer.terrainlayer using Guid(d1685375fd84e62439c572449faa4657) Importer(815301076,1909f56bfc062723c751e8b465ee728b)  -> (artifact id: '6aca399f637bda63e318752eb23399e7') in 0.084482 seconds 
========================================================================
Received Import Request.
  Time since last request: 0.000051 seconds.
  path: Assets/TerrainSampleAssets/TerrainLayers/Grass_Soil_TerrainLayer.terrainlayer
  artifactKey: Guid(62f82665abc6fbf4e8f7fa058cbd8d6c) Importer(815301076,1909f56bfc062723c751e8b465ee728b)
Start importing Assets/TerrainSampleAssets/TerrainLayers/Grass_Soil_TerrainLayer.terrainlayer using Guid(62f82665abc6fbf4e8f7fa058cbd8d6c) Importer(815301076,1909f56bfc062723c751e8b465ee728b)  -> (artifact id: 'f000cfda7f4970c116bd963db984e5de') in 0.278158 seconds 
========================================================================
Received Import Request.
  Time since last request: 0.000044 seconds.
  path: Assets/TerrainSampleAssets/TerrainLayers/Heather_TerrainLayer.terrainlayer
  artifactKey: Guid(795e383430200a14bb52726e97a0e7f4) Importer(815301076,1909f56bfc062723c751e8b465ee728b)
Start importing Assets/TerrainSampleAssets/TerrainLayers/Heather_TerrainLayer.terrainlayer using Guid(795e383430200a14bb52726e97a0e7f4) Importer(815301076,1909f56bfc062723c751e8b465ee728b)  -> (artifact id: 'b5faa1374046eb74b019b70688a40a3b') in 0.064588 seconds 
========================================================================
Received Import Request.
  Time since last request: 0.000045 seconds.
  path: Assets/TerrainSampleAssets/TerrainLayers/Pebbles_A_TerrainLayer.terrainlayer
  artifactKey: Guid(a4f389caed25e6241b38ba88a286c911) Importer(815301076,1909f56bfc062723c751e8b465ee728b)
Start importing Assets/TerrainSampleAssets/TerrainLayers/Pebbles_A_TerrainLayer.terrainlayer using Guid(a4f389caed25e6241b38ba88a286c911) Importer(815301076,1909f56bfc062723c751e8b465ee728b)  -> (artifact id: '276e46808c9b26f1bdbf2bca6f602783') in 0.044721 seconds 
========================================================================
Received Prepare
Registering precompiled user dll's ...
Registered in 0.014122 seconds.
Begin MonoManager ReloadAssembly
Symbol file LoadedFromMemory doesn't match image F:\Unity\MyProject\VoxelLB\Voxel\Library\PackageCache\com.unity.visualscripting@1.7.8\Editor\VisualScripting.Core\Dependencies\DotNetZip\Unity.VisualScripting.IonicZip.dll
Symbol file LoadedFromMemory doesn't match image F:\Unity\MyProject\VoxelLB\Voxel\Library\PackageCache\com.unity.visualscripting@1.7.8\Editor\VisualScripting.Core\Dependencies\YamlDotNet\Unity.VisualScripting.YamlDotNet.dll
Native extension for WindowsStandalone target not found
Native extension for Android target not found
Native extension for WebGL target not found
Refreshing native plugins compatible for Editor in 2.38 ms, found 5 plugins.
Preloading 0 native plugins for Editor in 0.00 ms.
Mono: successfully reloaded assembly
- Completed reload, in  3.383 seconds
Domain Reload Profiling:
	ReloadAssembly (3384ms)
		BeginReloadAssembly (456ms)
			ExecutionOrderSort (0ms)
			DisableScriptedObjects (17ms)
			BackupInstance (0ms)
			ReleaseScriptingObjects (1ms)
			CreateAndSetChildDomain (152ms)
		EndReloadAssembly (2662ms)
			LoadAssemblies (310ms)
			RebuildTransferFunctionScriptingTraits (0ms)
			SetupTypeCache (688ms)
			ReleaseScriptCaches (5ms)
			RebuildScriptCaches (200ms)
			SetupLoadedEditorAssemblies (1473ms)
				LogAssemblyErrors (0ms)
				InitializePlatformSupportModulesInManaged (45ms)
				SetLoadedEditorAssemblies (1ms)
				RefreshPlugins (3ms)
				BeforeProcessingInitializeOnLoad (259ms)
				ProcessInitializeOnLoadAttributes (881ms)
				ProcessInitializeOnLoadMethodAttributes (280ms)
				AfterProcessingInitializeOnLoad (5ms)
				EditorAssembliesLoaded (0ms)
			ExecutionOrderSort2 (0ms)
			AwakeInstancesAfterBackupRestoration (10ms)
Platform modules already initialized, skipping
D3D shader create error for vertex shader [0x80070057]
D3D shader create error for vertex shader [0x80070057]
D3D shader create error for domain shader [0x80070057]
D3D shader create error for vertex shader [0x80070057]
D3D shader create error for vertex shader [0x80070057]
D3D shader create error for domain shader [0x80070057]
Shader warning in 'HDRP/LayeredLitTessellation': Ignoring duplicate keyword line 'multi_compile_instancing __ INSTANCING_ON'
Shader warning in 'HDRP/LayeredLitTessellation': Ignoring duplicate keyword line 'shader_feature _ DOTS_INSTANCING_ON'
Shader warning in 'HDRP/LayeredLitTessellation': Ignoring duplicate keyword line 'shader_feature _ LOD_FADE_CROSSFADE'
Refreshing native plugins compatible for Editor in 15.28 ms, found 5 plugins.
Preloading 0 native plugins for Editor in 0.00 ms.
Unloading 7387 Unused Serialized files (Serialized files now loaded: 0)
Unloading 185 unused Assets / (12.8 MB). Loaded Objects now: 7980.
Memory consumption went from 334.2 MB to 321.4 MB.
Total: 22.950200 ms (FindLiveObjects: 1.211800 ms CreateObjectMapping: 1.349300 ms MarkObjects: 16.539400 ms  DeleteObjects: 3.847100 ms)

AssetImportParameters requested are different than current active one (requested -> active):
  custom:video-decoder-ogg-theora: a1e56fd34408186e4bbccfd4996cb3dc -> 
  custom:container-muxer-webm: aa71ff27fc2769a1b78a27578f13a17b -> 
  custom:container-demuxer-webm: 4f35f7cbe854078d1ac9338744f61a02 -> 
  custom:video-encoder-webm-vp8: eb34c28f22e8b96e1ab97ce403110664 -> 
  custom:audio-encoder-webm-vorbis: bf7c407c2cedff20999df2af8eb42d56 -> 
  custom:framework-win-MediaFoundation: 216162199b28c13a410421893ffa2e32 -> 
  custom:container-demuxer-ogg: 62fdf1f143b41e24485cea50d1cbac27 -> 
  custom:video-decoder-webm-vp8: 9c59270c3fd7afecdb556c50c9e8de78 -> 
  custom:audio-decoder-ogg-vorbis: bf7c407c2cedff20999df2af8eb42d56 -> 
========================================================================
Received Prepare
Registering precompiled user dll's ...
Registered in 0.015227 seconds.
Begin MonoManager ReloadAssembly
Symbol file LoadedFromMemory doesn't match image F:\Unity\MyProject\VoxelLB\Voxel\Library\PackageCache\com.unity.visualscripting@1.7.8\Editor\VisualScripting.Core\Dependencies\DotNetZip\Unity.VisualScripting.IonicZip.dll
Symbol file LoadedFromMemory doesn't match image F:\Unity\MyProject\VoxelLB\Voxel\Library\PackageCache\com.unity.visualscripting@1.7.8\Editor\VisualScripting.Core\Dependencies\YamlDotNet\Unity.VisualScripting.YamlDotNet.dll
Native extension for WindowsStandalone target not found
Native extension for Android target not found
Native extension for WebGL target not found
Refreshing native plugins compatible for Editor in 3.55 ms, found 5 plugins.
Preloading 0 native plugins for Editor in 0.00 ms.
Mono: successfully reloaded assembly
- Completed reload, in  3.976 seconds
Domain Reload Profiling:
	ReloadAssembly (3978ms)
		BeginReloadAssembly (273ms)
			ExecutionOrderSort (0ms)
			DisableScriptedObjects (15ms)
			BackupInstance (0ms)
			ReleaseScriptingObjects (0ms)
			CreateAndSetChildDomain (101ms)
		EndReloadAssembly (3493ms)
			LoadAssemblies (192ms)
			RebuildTransferFunctionScriptingTraits (0ms)
			SetupTypeCache (770ms)
			ReleaseScriptCaches (6ms)
			RebuildScriptCaches (293ms)
			SetupLoadedEditorAssemblies (1998ms)
				LogAssemblyErrors (0ms)
				InitializePlatformSupportModulesInManaged (62ms)
				SetLoadedEditorAssemblies (1ms)
				RefreshPlugins (4ms)
				BeforeProcessingInitializeOnLoad (337ms)
				ProcessInitializeOnLoadAttributes (1223ms)
				ProcessInitializeOnLoadMethodAttributes (359ms)
				AfterProcessingInitializeOnLoad (10ms)
				EditorAssembliesLoaded (1ms)
			ExecutionOrderSort2 (0ms)
			AwakeInstancesAfterBackupRestoration (27ms)
Platform modules already initialized, skipping
D3D shader create error for vertex shader [0x80070057]
D3D shader create error for vertex shader [0x80070057]
D3D shader create error for domain shader [0x80070057]
D3D shader create error for vertex shader [0x80070057]
D3D shader create error for vertex shader [0x80070057]
D3D shader create error for domain shader [0x80070057]
Shader warning in 'HDRP/LayeredLitTessellation': Ignoring duplicate keyword line 'multi_compile_instancing __ INSTANCING_ON'
Shader warning in 'HDRP/LayeredLitTessellation': Ignoring duplicate keyword line 'shader_feature _ DOTS_INSTANCING_ON'
Shader warning in 'HDRP/LayeredLitTessellation': Ignoring duplicate keyword line 'shader_feature _ LOD_FADE_CROSSFADE'
Refreshing native plugins compatible for Editor in 12.48 ms, found 5 plugins.
Preloading 0 native plugins for Editor in 0.00 ms.
Unloading 7387 Unused Serialized files (Serialized files now loaded: 0)
Unloading 185 unused Assets / (12.8 MB). Loaded Objects now: 7995.
Memory consumption went from 334.2 MB to 321.4 MB.
Total: 28.751300 ms (FindLiveObjects: 1.268100 ms CreateObjectMapping: 0.998400 ms MarkObjects: 19.098700 ms  DeleteObjects: 7.383600 ms)

AssetImportParameters requested are different than current active one (requested -> active):
  custom:video-decoder-ogg-theora: a1e56fd34408186e4bbccfd4996cb3dc -> 
  custom:container-muxer-webm: aa71ff27fc2769a1b78a27578f13a17b -> 
  custom:container-demuxer-webm: 4f35f7cbe854078d1ac9338744f61a02 -> 
  custom:video-encoder-webm-vp8: eb34c28f22e8b96e1ab97ce403110664 -> 
  custom:audio-encoder-webm-vorbis: bf7c407c2cedff20999df2af8eb42d56 -> 
  custom:framework-win-MediaFoundation: 216162199b28c13a410421893ffa2e32 -> 
  custom:container-demuxer-ogg: 62fdf1f143b41e24485cea50d1cbac27 -> 
  custom:video-decoder-webm-vp8: 9c59270c3fd7afecdb556c50c9e8de78 -> 
  custom:audio-decoder-ogg-vorbis: bf7c407c2cedff20999df2af8eb42d56 -> 
========================================================================
Received Import Request.
  Time since last request: 721.169779 seconds.
  path: Assets/TerrainSampleAssets/TerrainBrushes/Terrainstamp_Canyon02_Brush.brush
  artifactKey: Guid(7ddc1e59f6e82cc4693b55b0badb4aa3) Importer(815301076,1909f56bfc062723c751e8b465ee728b)
Start importing Assets/TerrainSampleAssets/TerrainBrushes/Terrainstamp_Canyon02_Brush.brush using Guid(7ddc1e59f6e82cc4693b55b0badb4aa3) Importer(815301076,1909f56bfc062723c751e8b465ee728b)  -> (artifact id: '61c2408a6d8fac2146e05fdf228113ba') in 0.120979 seconds 
========================================================================
Received Import Request.
  Time since last request: 58.651637 seconds.
  path: Assets/TerrainSampleAssets/TerrainBrushes/Terrainstamp_Softpeaks01_Brush.brush
  artifactKey: Guid(7eae67bc3f75e02478ed0f5c2d4498cf) Importer(815301076,1909f56bfc062723c751e8b465ee728b)
Start importing Assets/TerrainSampleAssets/TerrainBrushes/Terrainstamp_Softpeaks01_Brush.brush using Guid(7eae67bc3f75e02478ed0f5c2d4498cf) Importer(815301076,1909f56bfc062723c751e8b465ee728b)  -> (artifact id: '794305849eaebb3809d53a42bdfe6a1b') in 0.041130 seconds 
========================================================================
Received Import Request.
  Time since last request: 45.519101 seconds.
  path: Assets/TerrainSampleAssets/TerrainBrushes/Terrainstamp_Ridge05_Brush.brush
  artifactKey: Guid(014d61beb3975e849b26bc42fbf17b42) Importer(815301076,1909f56bfc062723c751e8b465ee728b)
Start importing Assets/TerrainSampleAssets/TerrainBrushes/Terrainstamp_Ridge05_Brush.brush using Guid(014d61beb3975e849b26bc42fbf17b42) Importer(815301076,1909f56bfc062723c751e8b465ee728b)  -> (artifact id: 'e66b5dd597da069887e4a950890bce1c') in 0.035097 seconds 
========================================================================
Received Import Request.
  Time since last request: 1.252825 seconds.
  path: Assets/TerrainSampleAssets/TerrainBrushes/Terrainstamp_Ridge03_Brush.brush
  artifactKey: Guid(7d08355cc5be1584f858af2f22f8bbbb) Importer(815301076,1909f56bfc062723c751e8b465ee728b)
Start importing Assets/TerrainSampleAssets/TerrainBrushes/Terrainstamp_Ridge03_Brush.brush using Guid(7d08355cc5be1584f858af2f22f8bbbb) Importer(815301076,1909f56bfc062723c751e8b465ee728b)  -> (artifact id: '83c14b639d3b186d8567e3a202381ee9') in 0.054695 seconds 
========================================================================
Received Import Request.
  Time since last request: 1.773508 seconds.
  path: Assets/TerrainSampleAssets/TerrainBrushes/Terrainstamp_Volcano02_Brush.brush
  artifactKey: Guid(5bcc5a77fc677c24c98eb188064d3acd) Importer(815301076,1909f56bfc062723c751e8b465ee728b)
Start importing Assets/TerrainSampleAssets/TerrainBrushes/Terrainstamp_Volcano02_Brush.brush using Guid(5bcc5a77fc677c24c98eb188064d3acd) Importer(815301076,1909f56bfc062723c751e8b465ee728b)  -> (artifact id: '5fed54652306e37667aba6de9008bfcb') in 0.035270 seconds 
========================================================================
Received Import Request.
  Time since last request: 1.520423 seconds.
  path: Assets/TerrainSampleAssets/TerrainBrushes/Terrainstamp_Volcano01_Brush.brush
  artifactKey: Guid(e5a2f11e9d7a4da4caf17b3e59800215) Importer(815301076,1909f56bfc062723c751e8b465ee728b)
Start importing Assets/TerrainSampleAssets/TerrainBrushes/Terrainstamp_Volcano01_Brush.brush using Guid(e5a2f11e9d7a4da4caf17b3e59800215) Importer(815301076,1909f56bfc062723c751e8b465ee728b)  -> (artifact id: 'bb26c657aa608d6a37f8eb7debbb7bab') in 0.033637 seconds 
========================================================================
Received Import Request.
  Time since last request: 2.512710 seconds.
  path: Assets/TerrainSampleAssets/TerrainBrushes/Terrainstamp_Canyon03_Brush.brush
  artifactKey: Guid(d4e29f095247ea040aabee8a6cb3b010) Importer(815301076,1909f56bfc062723c751e8b465ee728b)
Start importing Assets/TerrainSampleAssets/TerrainBrushes/Terrainstamp_Canyon03_Brush.brush using Guid(d4e29f095247ea040aabee8a6cb3b010) Importer(815301076,1909f56bfc062723c751e8b465ee728b)  -> (artifact id: '379cbfaf916dc2d42a74770050091f20') in 0.028213 seconds 
========================================================================
Received Prepare
Registering precompiled user dll's ...
Registered in 0.013537 seconds.
Begin MonoManager ReloadAssembly
Symbol file LoadedFromMemory doesn't match image F:\Unity\MyProject\VoxelLB\Voxel\Library\PackageCache\com.unity.visualscripting@1.7.8\Editor\VisualScripting.Core\Dependencies\DotNetZip\Unity.VisualScripting.IonicZip.dll
Symbol file LoadedFromMemory doesn't match image F:\Unity\MyProject\VoxelLB\Voxel\Library\PackageCache\com.unity.visualscripting@1.7.8\Editor\VisualScripting.Core\Dependencies\YamlDotNet\Unity.VisualScripting.YamlDotNet.dll
Native extension for WindowsStandalone target not found
Native extension for Android target not found
Native extension for WebGL target not found
Refreshing native plugins compatible for Editor in 4.28 ms, found 5 plugins.
Preloading 0 native plugins for Editor in 0.00 ms.
Mono: successfully reloaded assembly
- Completed reload, in  5.057 seconds
Domain Reload Profiling:
	ReloadAssembly (5058ms)
		BeginReloadAssembly (773ms)
			ExecutionOrderSort (0ms)
			DisableScriptedObjects (17ms)
			BackupInstance (0ms)
			ReleaseScriptingObjects (1ms)
			CreateAndSetChildDomain (294ms)
		EndReloadAssembly (4041ms)
			LoadAssemblies (292ms)
			RebuildTransferFunctionScriptingTraits (0ms)
			SetupTypeCache (883ms)
			ReleaseScriptCaches (5ms)
			RebuildScriptCaches (314ms)
			SetupLoadedEditorAssemblies (2399ms)
				LogAssemblyErrors (0ms)
				InitializePlatformSupportModulesInManaged (64ms)
				SetLoadedEditorAssemblies (1ms)
				RefreshPlugins (4ms)
				BeforeProcessingInitializeOnLoad (319ms)
				ProcessInitializeOnLoadAttributes (1547ms)
				ProcessInitializeOnLoadMethodAttributes (454ms)
				AfterProcessingInitializeOnLoad (8ms)
				EditorAssembliesLoaded (1ms)
			ExecutionOrderSort2 (0ms)
			AwakeInstancesAfterBackupRestoration (21ms)
Platform modules already initialized, skipping
D3D shader create error for vertex shader [0x80070057]
D3D shader create error for vertex shader [0x80070057]
D3D shader create error for domain shader [0x80070057]
D3D shader create error for vertex shader [0x80070057]
D3D shader create error for vertex shader [0x80070057]
D3D shader create error for domain shader [0x80070057]
Shader warning in 'HDRP/LayeredLitTessellation': Ignoring duplicate keyword line 'multi_compile_instancing __ INSTANCING_ON'
Shader warning in 'HDRP/LayeredLitTessellation': Ignoring duplicate keyword line 'shader_feature _ DOTS_INSTANCING_ON'
Shader warning in 'HDRP/LayeredLitTessellation': Ignoring duplicate keyword line 'shader_feature _ LOD_FADE_CROSSFADE'
Refreshing native plugins compatible for Editor in 16.24 ms, found 5 plugins.
Preloading 0 native plugins for Editor in 0.00 ms.
Unloading 7387 Unused Serialized files (Serialized files now loaded: 0)
Unloading 185 unused Assets / (12.8 MB). Loaded Objects now: 8019.
Memory consumption went from 334.3 MB to 321.5 MB.
Total: 45.679400 ms (FindLiveObjects: 2.552200 ms CreateObjectMapping: 3.908200 ms MarkObjects: 34.613300 ms  DeleteObjects: 4.603000 ms)

AssetImportParameters requested are different than current active one (requested -> active):
  custom:video-decoder-ogg-theora: a1e56fd34408186e4bbccfd4996cb3dc -> 
  custom:container-muxer-webm: aa71ff27fc2769a1b78a27578f13a17b -> 
  custom:container-demuxer-webm: 4f35f7cbe854078d1ac9338744f61a02 -> 
  custom:video-encoder-webm-vp8: eb34c28f22e8b96e1ab97ce403110664 -> 
  custom:audio-encoder-webm-vorbis: bf7c407c2cedff20999df2af8eb42d56 -> 
  custom:framework-win-MediaFoundation: 216162199b28c13a410421893ffa2e32 -> 
  custom:container-demuxer-ogg: 62fdf1f143b41e24485cea50d1cbac27 -> 
  custom:video-decoder-webm-vp8: 9c59270c3fd7afecdb556c50c9e8de78 -> 
  custom:audio-decoder-ogg-vorbis: bf7c407c2cedff20999df2af8eb42d56 -> 
========================================================================
Received Prepare
Registering precompiled user dll's ...
Registered in 0.015541 seconds.
Begin MonoManager ReloadAssembly
Symbol file LoadedFromMemory doesn't match image F:\Unity\MyProject\VoxelLB\Voxel\Library\PackageCache\com.unity.visualscripting@1.7.8\Editor\VisualScripting.Core\Dependencies\DotNetZip\Unity.VisualScripting.IonicZip.dll
Symbol file LoadedFromMemory doesn't match image F:\Unity\MyProject\VoxelLB\Voxel\Library\PackageCache\com.unity.visualscripting@1.7.8\Editor\VisualScripting.Core\Dependencies\YamlDotNet\Unity.VisualScripting.YamlDotNet.dll
Native extension for WindowsStandalone target not found
Native extension for Android target not found
Native extension for WebGL target not found
Refreshing native plugins compatible for Editor in 2.45 ms, found 5 plugins.
Preloading 0 native plugins for Editor in 0.00 ms.
Mono: successfully reloaded assembly
- Completed reload, in  4.213 seconds
Domain Reload Profiling:
	ReloadAssembly (4215ms)
		BeginReloadAssembly (289ms)
			ExecutionOrderSort (0ms)
			DisableScriptedObjects (14ms)
			BackupInstance (0ms)
			ReleaseScriptingObjects (0ms)
			CreateAndSetChildDomain (99ms)
		EndReloadAssembly (3680ms)
			LoadAssemblies (219ms)
			RebuildTransferFunctionScriptingTraits (0ms)
			SetupTypeCache (828ms)
			ReleaseScriptCaches (4ms)
			RebuildScriptCaches (190ms)
			SetupLoadedEditorAssemblies (2271ms)
				LogAssemblyErrors (0ms)
				InitializePlatformSupportModulesInManaged (41ms)
				SetLoadedEditorAssemblies (1ms)
				RefreshPlugins (3ms)
				BeforeProcessingInitializeOnLoad (415ms)
				ProcessInitializeOnLoadAttributes (1394ms)
				ProcessInitializeOnLoadMethodAttributes (406ms)
				AfterProcessingInitializeOnLoad (12ms)
				EditorAssembliesLoaded (1ms)
			ExecutionOrderSort2 (0ms)
			AwakeInstancesAfterBackupRestoration (19ms)
Platform modules already initialized, skipping
D3D shader create error for vertex shader [0x80070057]
D3D shader create error for vertex shader [0x80070057]
D3D shader create error for domain shader [0x80070057]
D3D shader create error for vertex shader [0x80070057]
D3D shader create error for vertex shader [0x80070057]
D3D shader create error for domain shader [0x80070057]
Shader warning in 'HDRP/LayeredLitTessellation': Ignoring duplicate keyword line 'multi_compile_instancing __ INSTANCING_ON'
Shader warning in 'HDRP/LayeredLitTessellation': Ignoring duplicate keyword line 'shader_feature _ DOTS_INSTANCING_ON'
Shader warning in 'HDRP/LayeredLitTessellation': Ignoring duplicate keyword line 'shader_feature _ LOD_FADE_CROSSFADE'
Refreshing native plugins compatible for Editor in 15.79 ms, found 5 plugins.
Preloading 0 native plugins for Editor in 0.00 ms.
Unloading 7387 Unused Serialized files (Serialized files now loaded: 0)
Unloading 185 unused Assets / (12.8 MB). Loaded Objects now: 8034.
Memory consumption went from 334.3 MB to 321.5 MB.
Total: 34.927300 ms (FindLiveObjects: 9.950900 ms CreateObjectMapping: 1.125300 ms MarkObjects: 19.558200 ms  DeleteObjects: 4.290700 ms)

AssetImportParameters requested are different than current active one (requested -> active):
  custom:video-decoder-ogg-theora: a1e56fd34408186e4bbccfd4996cb3dc -> 
  custom:container-muxer-webm: aa71ff27fc2769a1b78a27578f13a17b -> 
  custom:container-demuxer-webm: 4f35f7cbe854078d1ac9338744f61a02 -> 
  custom:video-encoder-webm-vp8: eb34c28f22e8b96e1ab97ce403110664 -> 
  custom:audio-encoder-webm-vorbis: bf7c407c2cedff20999df2af8eb42d56 -> 
  custom:framework-win-MediaFoundation: 216162199b28c13a410421893ffa2e32 -> 
  custom:container-demuxer-ogg: 62fdf1f143b41e24485cea50d1cbac27 -> 
  custom:video-decoder-webm-vp8: 9c59270c3fd7afecdb556c50c9e8de78 -> 
  custom:audio-decoder-ogg-vorbis: bf7c407c2cedff20999df2af8eb42d56 -> 
========================================================================
Received Import Request.
  Time since last request: 761.812566 seconds.
  path: Assets/Resources/NewBrush.brush
  artifactKey: Guid(01bbcd93ec149d34c809bb8de0c3a8f4) Importer(815301076,1909f56bfc062723c751e8b465ee728b)
Start importing Assets/Resources/NewBrush.brush using Guid(01bbcd93ec149d34c809bb8de0c3a8f4) Importer(815301076,1909f56bfc062723c751e8b465ee728b)  -> (artifact id: 'c7ae3549e6fff241b6f6d23f4964a450') in 0.085788 seconds 
========================================================================
Received Prepare
Registering precompiled user dll's ...
Registered in 0.014396 seconds.
Begin MonoManager ReloadAssembly
Symbol file LoadedFromMemory doesn't match image F:\Unity\MyProject\VoxelLB\Voxel\Library\PackageCache\com.unity.visualscripting@1.7.8\Editor\VisualScripting.Core\Dependencies\DotNetZip\Unity.VisualScripting.IonicZip.dll
Symbol file LoadedFromMemory doesn't match image F:\Unity\MyProject\VoxelLB\Voxel\Library\PackageCache\com.unity.visualscripting@1.7.8\Editor\VisualScripting.Core\Dependencies\YamlDotNet\Unity.VisualScripting.YamlDotNet.dll
Native extension for WindowsStandalone target not found
Native extension for Android target not found
Native extension for WebGL target not found
Refreshing native plugins compatible for Editor in 2.35 ms, found 5 plugins.
Preloading 0 native plugins for Editor in 0.00 ms.
Mono: successfully reloaded assembly
- Completed reload, in  3.090 seconds
Domain Reload Profiling:
	ReloadAssembly (3091ms)
		BeginReloadAssembly (292ms)
			ExecutionOrderSort (0ms)
			DisableScriptedObjects (16ms)
			BackupInstance (0ms)
			ReleaseScriptingObjects (0ms)
			CreateAndSetChildDomain (96ms)
		EndReloadAssembly (2576ms)
			LoadAssemblies (211ms)
			RebuildTransferFunctionScriptingTraits (0ms)
			SetupTypeCache (764ms)
			ReleaseScriptCaches (4ms)
			RebuildScriptCaches (201ms)
			SetupLoadedEditorAssemblies (1312ms)
				LogAssemblyErrors (0ms)
				InitializePlatformSupportModulesInManaged (40ms)
				SetLoadedEditorAssemblies (1ms)
				RefreshPlugins (2ms)
				BeforeProcessingInitializeOnLoad (214ms)
				ProcessInitializeOnLoadAttributes (796ms)
				ProcessInitializeOnLoadMethodAttributes (251ms)
				AfterProcessingInitializeOnLoad (8ms)
				EditorAssembliesLoaded (0ms)
			ExecutionOrderSort2 (0ms)
			AwakeInstancesAfterBackupRestoration (10ms)
Platform modules already initialized, skipping
D3D shader create error for vertex shader [0x80070057]
D3D shader create error for vertex shader [0x80070057]
D3D shader create error for domain shader [0x80070057]
D3D shader create error for vertex shader [0x80070057]
D3D shader create error for vertex shader [0x80070057]
D3D shader create error for domain shader [0x80070057]
Shader warning in 'HDRP/LayeredLitTessellation': Ignoring duplicate keyword line 'multi_compile_instancing __ INSTANCING_ON'
Shader warning in 'HDRP/LayeredLitTessellation': Ignoring duplicate keyword line 'shader_feature _ DOTS_INSTANCING_ON'
Shader warning in 'HDRP/LayeredLitTessellation': Ignoring duplicate keyword line 'shader_feature _ LOD_FADE_CROSSFADE'
Refreshing native plugins compatible for Editor in 14.18 ms, found 5 plugins.
Preloading 0 native plugins for Editor in 0.00 ms.
Unloading 7387 Unused Serialized files (Serialized files now loaded: 0)
Unloading 185 unused Assets / (12.8 MB). Loaded Objects now: 8051.
Memory consumption went from 334.3 MB to 321.6 MB.
Total: 15.085400 ms (FindLiveObjects: 1.034500 ms CreateObjectMapping: 1.301700 ms MarkObjects: 10.215400 ms  DeleteObjects: 2.531600 ms)

AssetImportParameters requested are different than current active one (requested -> active):
  custom:video-decoder-ogg-theora: a1e56fd34408186e4bbccfd4996cb3dc -> 
  custom:container-muxer-webm: aa71ff27fc2769a1b78a27578f13a17b -> 
  custom:container-demuxer-webm: 4f35f7cbe854078d1ac9338744f61a02 -> 
  custom:video-encoder-webm-vp8: eb34c28f22e8b96e1ab97ce403110664 -> 
  custom:audio-encoder-webm-vorbis: bf7c407c2cedff20999df2af8eb42d56 -> 
  custom:framework-win-MediaFoundation: 216162199b28c13a410421893ffa2e32 -> 
  custom:container-demuxer-ogg: 62fdf1f143b41e24485cea50d1cbac27 -> 
  custom:video-decoder-webm-vp8: 9c59270c3fd7afecdb556c50c9e8de78 -> 
  custom:audio-decoder-ogg-vorbis: bf7c407c2cedff20999df2af8eb42d56 -> 
========================================================================
Received Prepare
Registering precompiled user dll's ...
Registered in 0.017080 seconds.
Begin MonoManager ReloadAssembly
Symbol file LoadedFromMemory doesn't match image F:\Unity\MyProject\VoxelLB\Voxel\Library\PackageCache\com.unity.visualscripting@1.7.8\Editor\VisualScripting.Core\Dependencies\DotNetZip\Unity.VisualScripting.IonicZip.dll
Symbol file LoadedFromMemory doesn't match image F:\Unity\MyProject\VoxelLB\Voxel\Library\PackageCache\com.unity.visualscripting@1.7.8\Editor\VisualScripting.Core\Dependencies\YamlDotNet\Unity.VisualScripting.YamlDotNet.dll
Native extension for WindowsStandalone target not found
Native extension for Android target not found
Native extension for WebGL target not found
Refreshing native plugins compatible for Editor in 3.18 ms, found 5 plugins.
Preloading 0 native plugins for Editor in 0.00 ms.
Mono: successfully reloaded assembly
- Completed reload, in  6.917 seconds
Domain Reload Profiling:
	ReloadAssembly (6931ms)
		BeginReloadAssembly (264ms)
			ExecutionOrderSort (0ms)
			DisableScriptedObjects (12ms)
			BackupInstance (0ms)
			ReleaseScriptingObjects (0ms)
			CreateAndSetChildDomain (96ms)
		EndReloadAssembly (6461ms)
			LoadAssemblies (200ms)
			RebuildTransferFunctionScriptingTraits (0ms)
			SetupTypeCache (711ms)
			ReleaseScriptCaches (5ms)
			RebuildScriptCaches (178ms)
			SetupLoadedEditorAssemblies (5055ms)
				LogAssemblyErrors (0ms)
				InitializePlatformSupportModulesInManaged (36ms)
				SetLoadedEditorAssemblies (1ms)
				RefreshPlugins (3ms)
				BeforeProcessingInitializeOnLoad (241ms)
				ProcessInitializeOnLoadAttributes (3911ms)
				ProcessInitializeOnLoadMethodAttributes (830ms)
				AfterProcessingInitializeOnLoad (33ms)
				EditorAssembliesLoaded (1ms)
			ExecutionOrderSort2 (0ms)
			AwakeInstancesAfterBackupRestoration (55ms)
Platform modules already initialized, skipping
D3D shader create error for vertex shader [0x80070057]
D3D shader create error for vertex shader [0x80070057]
D3D shader create error for domain shader [0x80070057]
D3D shader create error for vertex shader [0x80070057]
D3D shader create error for vertex shader [0x80070057]
D3D shader create error for domain shader [0x80070057]
Shader warning in 'HDRP/LayeredLitTessellation': Ignoring duplicate keyword line 'multi_compile_instancing __ INSTANCING_ON'
Shader warning in 'HDRP/LayeredLitTessellation': Ignoring duplicate keyword line 'shader_feature _ DOTS_INSTANCING_ON'
Shader warning in 'HDRP/LayeredLitTessellation': Ignoring duplicate keyword line 'shader_feature _ LOD_FADE_CROSSFADE'
Refreshing native plugins compatible for Editor in 61.83 ms, found 5 plugins.
Preloading 0 native plugins for Editor in 0.00 ms.
Unloading 7387 Unused Serialized files (Serialized files now loaded: 0)
Unloading 185 unused Assets / (12.8 MB). Loaded Objects now: 8066.
Memory consumption went from 334.4 MB to 321.6 MB.
Total: 101.672700 ms (FindLiveObjects: 1.237200 ms CreateObjectMapping: 1.363000 ms MarkObjects: 69.889100 ms  DeleteObjects: 29.181000 ms)

AssetImportParameters requested are different than current active one (requested -> active):
  custom:video-decoder-ogg-theora: a1e56fd34408186e4bbccfd4996cb3dc -> 
  custom:container-muxer-webm: aa71ff27fc2769a1b78a27578f13a17b -> 
  custom:container-demuxer-webm: 4f35f7cbe854078d1ac9338744f61a02 -> 
  custom:video-encoder-webm-vp8: eb34c28f22e8b96e1ab97ce403110664 -> 
  custom:audio-encoder-webm-vorbis: bf7c407c2cedff20999df2af8eb42d56 -> 
  custom:framework-win-MediaFoundation: 216162199b28c13a410421893ffa2e32 -> 
  custom:container-demuxer-ogg: 62fdf1f143b41e24485cea50d1cbac27 -> 
  custom:video-decoder-webm-vp8: 9c59270c3fd7afecdb556c50c9e8de78 -> 
  custom:audio-decoder-ogg-vorbis: bf7c407c2cedff20999df2af8eb42d56 -> 
