Using pre-set license
Built from '2021.3/staging' branch; Version is '2021.3.5f1 (40eb3a945986) revision 4254522'; Using compiler version '192829333'; Build Type 'Release'
OS: 'Windows 10  (10.0.19045) 64bit Professional' Language: 'ru' Physical Memory: 32687 MB
BatchMode: 1, IsHumanControllingUs: 0, StartBugReporterOnCrash: 0, Is64bit: 1, IsPro: 1

COMMAND LINE ARGUMENTS:
D:\2021.3.5f1\Editor\Unity.exe
-adb2
-batchMode
-noUpm
-name
AssetImportWorker0
-projectPath
J:/My project
-logFile
Logs/AssetImportWorker0.log
-srvPort
49803
Successfully changed project path to: J:/My project
J:/My project
[UnityMemory] Configuration Parameters - Can be set up in boot.config
    "memorysetup-bucket-allocator-granularity=16"
    "memorysetup-bucket-allocator-bucket-count=8"
    "memorysetup-bucket-allocator-block-size=33554432"
    "memorysetup-bucket-allocator-block-count=8"
    "memorysetup-main-allocator-block-size=16777216"
    "memorysetup-thread-allocator-block-size=16777216"
    "memorysetup-gfx-main-allocator-block-size=16777216"
    "memorysetup-gfx-thread-allocator-block-size=16777216"
    "memorysetup-cache-allocator-block-size=4194304"
    "memorysetup-typetree-allocator-block-size=2097152"
    "memorysetup-profiler-bucket-allocator-granularity=16"
    "memorysetup-profiler-bucket-allocator-bucket-count=8"
    "memorysetup-profiler-bucket-allocator-block-size=33554432"
    "memorysetup-profiler-bucket-allocator-block-count=8"
    "memorysetup-profiler-allocator-block-size=16777216"
    "memorysetup-profiler-editor-allocator-block-size=1048576"
    "memorysetup-temp-allocator-size-main=16777216"
    "memorysetup-job-temp-allocator-block-size=2097152"
    "memorysetup-job-temp-allocator-block-size-background=1048576"
    "memorysetup-job-temp-allocator-reduction-small-platforms=262144"
    "memorysetup-temp-allocator-size-background-worker=32768"
    "memorysetup-temp-allocator-size-job-worker=262144"
    "memorysetup-temp-allocator-size-preload-manager=33554432"
    "memorysetup-temp-allocator-size-nav-mesh-worker=65536"
    "memorysetup-temp-allocator-size-audio-worker=65536"
    "memorysetup-temp-allocator-size-cloud-worker=32768"
    "memorysetup-temp-allocator-size-gi-baking-worker=262144"
    "memorysetup-temp-allocator-size-gfx=262144"
Refreshing native plugins compatible for Editor in 128.41 ms, found 3 plugins.
Preloading 0 native plugins for Editor in 0.00 ms.
Initialize engine version: 2021.3.5f1 (40eb3a945986)
[Subsystems] Discovering subsystems at path D:/2021.3.5f1/Editor/Data/Resources/UnitySubsystems
[Subsystems] Discovering subsystems at path J:/My project/Assets
GfxDevice: creating device client; threaded=0; jobified=0
Direct3D:
    Version:  Direct3D 11.0 [level 10.0]
    Renderer: NVIDIA GeForce GTX 285 (ID=0x5e3)
    Vendor:   NVIDIA
    VRAM:     991 MB
    Driver:   9.18.13.4174
Could not load symbol clCreateImage : Не найдена указанная процедура.

Could not load symbol clEnqueueFillBuffer : Не найдена указанная процедура.

Could not load symbol clEnqueueFillImage : Не найдена указанная процедура.

Could not load symbol clEnqueueMarkerWithWaitList : Не найдена указанная процедура.

Could not load symbol clGetExtensionFunctionAddressForPlatform : Не найдена указанная процедура.

Could not load symbol clUnloadPlatformCompiler : Не найдена указанная процедура.

Could not load symbol clCreateFromGLTexture : Не найдена указанная процедура.

Initialize mono
Mono path[0] = 'D:/2021.3.5f1/Editor/Data/Managed'
Mono path[1] = 'D:/2021.3.5f1/Editor/Data/MonoBleedingEdge/lib/mono/unityjit-win32'
Mono config path = 'D:/2021.3.5f1/Editor/Data/MonoBleedingEdge/etc'
Using monoOptions --debugger-agent=transport=dt_socket,embedding=1,server=y,suspend=n,address=127.0.0.1:56472
Begin MonoManager ReloadAssembly
Registering precompiled unity dll's ...
Register platform support module: D:/2021.3.5f1/Editor/Data/PlaybackEngines/WebGLSupport/UnityEditor.WebGL.Extensions.dll
Register platform support module: D:/2021.3.5f1/Editor/Data/PlaybackEngines/AndroidPlayer/UnityEditor.Android.Extensions.dll
Register platform support module: D:/2021.3.5f1/Editor/Data/PlaybackEngines/WindowsStandaloneSupport/UnityEditor.WindowsStandalone.Extensions.dll
Registered in 0.002077 seconds.
Native extension for WindowsStandalone target not found
Native extension for Android target not found
Native extension for WebGL target not found
Refreshing native plugins compatible for Editor in 125.46 ms, found 3 plugins.
Preloading 0 native plugins for Editor in 0.00 ms.
Mono: successfully reloaded assembly
- Completed reload, in  0.589 seconds
Domain Reload Profiling:
	ReloadAssembly (589ms)
		BeginReloadAssembly (65ms)
			ExecutionOrderSort (0ms)
			DisableScriptedObjects (0ms)
			BackupInstance (0ms)
			ReleaseScriptingObjects (0ms)
			CreateAndSetChildDomain (1ms)
		EndReloadAssembly (442ms)
			LoadAssemblies (65ms)
			RebuildTransferFunctionScriptingTraits (0ms)
			SetupTypeCache (90ms)
			ReleaseScriptCaches (0ms)
			RebuildScriptCaches (23ms)
			SetupLoadedEditorAssemblies (288ms)
				LogAssemblyErrors (0ms)
				InitializePlatformSupportModulesInManaged (44ms)
				SetLoadedEditorAssemblies (0ms)
				RefreshPlugins (126ms)
				BeforeProcessingInitializeOnLoad (1ms)
				ProcessInitializeOnLoadAttributes (82ms)
				ProcessInitializeOnLoadMethodAttributes (36ms)
				AfterProcessingInitializeOnLoad (0ms)
				EditorAssembliesLoaded (0ms)
			ExecutionOrderSort2 (0ms)
			AwakeInstancesAfterBackupRestoration (0ms)
Platform modules already initialized, skipping
Registering precompiled user dll's ...
Registered in 0.004678 seconds.
Begin MonoManager ReloadAssembly
Native extension for WindowsStandalone target not found
Native extension for Android target not found
Native extension for WebGL target not found
Refreshing native plugins compatible for Editor in 128.53 ms, found 3 plugins.
Preloading 0 native plugins for Editor in 0.00 ms.
Package Manager log level set to [2]
Mono: successfully reloaded assembly
- Completed reload, in  1.507 seconds
Domain Reload Profiling:
	ReloadAssembly (1508ms)
		BeginReloadAssembly (205ms)
			ExecutionOrderSort (0ms)
			DisableScriptedObjects (5ms)
			BackupInstance (0ms)
			ReleaseScriptingObjects (0ms)
			CreateAndSetChildDomain (125ms)
		EndReloadAssembly (1211ms)
			LoadAssemblies (90ms)
			RebuildTransferFunctionScriptingTraits (0ms)
			SetupTypeCache (276ms)
			ReleaseScriptCaches (1ms)
			RebuildScriptCaches (62ms)
			SetupLoadedEditorAssemblies (757ms)
				LogAssemblyErrors (0ms)
				InitializePlatformSupportModulesInManaged (10ms)
				SetLoadedEditorAssemblies (0ms)
				RefreshPlugins (129ms)
				BeforeProcessingInitializeOnLoad (119ms)
				ProcessInitializeOnLoadAttributes (351ms)
				ProcessInitializeOnLoadMethodAttributes (147ms)
				AfterProcessingInitializeOnLoad (2ms)
				EditorAssembliesLoaded (0ms)
			ExecutionOrderSort2 (0ms)
			AwakeInstancesAfterBackupRestoration (4ms)
Platform modules already initialized, skipping
========================================================================
Worker process is ready to serve import requests
Launched and connected shader compiler UnityShaderCompiler.exe after 0.03 seconds
Refreshing native plugins compatible for Editor in 2.01 ms, found 3 plugins.
Preloading 0 native plugins for Editor in 0.00 ms.
Unloading 6544 Unused Serialized files (Serialized files now loaded: 0)
Unloading 111 unused Assets / (1.9 MB). Loaded Objects now: 6980.
Memory consumption went from 273.5 MB to 271.7 MB.
Total: 6.839000 ms (FindLiveObjects: 0.457100 ms CreateObjectMapping: 0.418500 ms MarkObjects: 5.618100 ms  DeleteObjects: 0.344300 ms)

AssetImportParameters requested are different than current active one (requested -> active):
  custom:video-decoder-ogg-theora: a1e56fd34408186e4bbccfd4996cb3dc -> 
  custom:container-muxer-webm: aa71ff27fc2769a1b78a27578f13a17b -> 
  custom:container-demuxer-webm: 4f35f7cbe854078d1ac9338744f61a02 -> 
  custom:video-encoder-webm-vp8: eb34c28f22e8b96e1ab97ce403110664 -> 
  custom:audio-encoder-webm-vorbis: bf7c407c2cedff20999df2af8eb42d56 -> 
  custom:framework-win-MediaFoundation: 216162199b28c13a410421893ffa2e32 -> 
  custom:container-demuxer-ogg: 62fdf1f143b41e24485cea50d1cbac27 -> 
  custom:video-decoder-webm-vp8: 9c59270c3fd7afecdb556c50c9e8de78 -> 
  custom:audio-decoder-ogg-vorbis: bf7c407c2cedff20999df2af8eb42d56 -> 
========================================================================
Received Import Request.
  Time since last request: 1646299.454059 seconds.
  path: Assets/Player/Lighting.prefab
  artifactKey: Guid(d2e329782c4d2084aa0e1c563b4daf1d) Importer(815301076,1909f56bfc062723c751e8b465ee728b)
Start importing Assets/Player/Lighting.prefab using Guid(d2e329782c4d2084aa0e1c563b4daf1d) Importer(815301076,1909f56bfc062723c751e8b465ee728b)  -> (artifact id: 'c69f155a8c9959842ed74e1d80d45b43') in 0.037578 seconds 
========================================================================
Received Import Request.
  Time since last request: 5.553038 seconds.
  path: Assets/Scenes/Level1.unity
  artifactKey: Guid(e8cb95b0c1dd02849bf2411cecaa2e02) Importer(815301076,1909f56bfc062723c751e8b465ee728b)
Start importing Assets/Scenes/Level1.unity using Guid(e8cb95b0c1dd02849bf2411cecaa2e02) Importer(815301076,1909f56bfc062723c751e8b465ee728b)  -> (artifact id: 'a2428d8e465b996bff3633624ad203b3') in 0.000759 seconds 
========================================================================
Received Import Request.
  Time since last request: 122.534911 seconds.
  path: Assets/Scenes/MainMenu.unity
  artifactKey: Guid(a6c73e07cf335584d9750214ccd99332) Importer(815301076,1909f56bfc062723c751e8b465ee728b)
Start importing Assets/Scenes/MainMenu.unity using Guid(a6c73e07cf335584d9750214ccd99332) Importer(815301076,1909f56bfc062723c751e8b465ee728b)  -> (artifact id: '1873635d44820ef38b67f95d7a6813d5') in 0.000891 seconds 
========================================================================
Received Import Request.
  Time since last request: 2.349642 seconds.
  path: Assets/Scenes/Playground.unity
  artifactKey: Guid(e9017d5f96b9f09489b4b37e1d6eb914) Importer(815301076,1909f56bfc062723c751e8b465ee728b)
Start importing Assets/Scenes/Playground.unity using Guid(e9017d5f96b9f09489b4b37e1d6eb914) Importer(815301076,1909f56bfc062723c751e8b465ee728b)  -> (artifact id: '0e16776f01033788c300a9b5f61a2330') in 0.000654 seconds 
========================================================================
Received Import Request.
  Time since last request: 31.175986 seconds.
  path: Assets/Scenes/Level1.unity
  artifactKey: Guid(e8cb95b0c1dd02849bf2411cecaa2e02) Importer(815301076,1909f56bfc062723c751e8b465ee728b)
Start importing Assets/Scenes/Level1.unity using Guid(e8cb95b0c1dd02849bf2411cecaa2e02) Importer(815301076,1909f56bfc062723c751e8b465ee728b)  -> (artifact id: '23ea21532c30b9253cefb19349757d89') in 0.000663 seconds 
========================================================================
Received Import Request.
  Time since last request: 169.365631 seconds.
  path: Assets/IgniteCoders/Simple Water Shader/Prefabs/WaterBlock_50m.prefab
  artifactKey: Guid(7097ba7ba649e1f41bba232312bdcbd8) Importer(815301076,1909f56bfc062723c751e8b465ee728b)
Start importing Assets/IgniteCoders/Simple Water Shader/Prefabs/WaterBlock_50m.prefab using Guid(7097ba7ba649e1f41bba232312bdcbd8) Importer(815301076,1909f56bfc062723c751e8b465ee728b) Shader Shader Graphs/Decal is not supported: GPU does not support separate MRT blend modes
Shader Shader Graphs/Decal is not supported: GPU does not support separate MRT blend modes
Shader Shader Graphs/Decal is not supported: GPU does not support separate MRT blend modes
Shader Shader Graphs/Decal is not supported: GPU does not support separate MRT blend modes
 -> (artifact id: '323a23d7ac4b630500c3c93a55372817') in 0.170883 seconds 
========================================================================
Received Import Request.
  Time since last request: 84.708006 seconds.
  path: Assets/IgniteCoders/Simple Water Shader/Resources/WaterBlock_50m.mesh
  artifactKey: Guid(3da23cdf512599b42881988944f3918c) Importer(815301076,1909f56bfc062723c751e8b465ee728b)
Start importing Assets/IgniteCoders/Simple Water Shader/Resources/WaterBlock_50m.mesh using Guid(3da23cdf512599b42881988944f3918c) Importer(815301076,1909f56bfc062723c751e8b465ee728b)  -> (artifact id: '434dc39296b2a2fb6e7513ea5df9b38a') in 0.048237 seconds 
========================================================================
Received Import Request.
  Time since last request: 0.000022 seconds.
  path: Assets/IgniteCoders/Simple Water Shader/Resources/WaterSurface_single.tif
  artifactKey: Guid(11154d936b05e66498f68fa178c5cfbb) Importer(815301076,1909f56bfc062723c751e8b465ee728b)
Start importing Assets/IgniteCoders/Simple Water Shader/Resources/WaterSurface_single.tif using Guid(11154d936b05e66498f68fa178c5cfbb) Importer(815301076,1909f56bfc062723c751e8b465ee728b)  -> (artifact id: '5d104619258c09f56d30f90d4a705fcb') in 0.017308 seconds 
========================================================================
Received Import Request.
  Time since last request: 0.000019 seconds.
  path: Assets/IgniteCoders/Simple Water Shader/Resources/WaterSurface_atlas.tif
  artifactKey: Guid(2ed3d41b7c655bf4daa77f71b994f6ed) Importer(815301076,1909f56bfc062723c751e8b465ee728b)
Start importing Assets/IgniteCoders/Simple Water Shader/Resources/WaterSurface_atlas.tif using Guid(2ed3d41b7c655bf4daa77f71b994f6ed) Importer(815301076,1909f56bfc062723c751e8b465ee728b)  -> (artifact id: '6c220c19707ab12d869d13ba6b6a40c2') in 0.051083 seconds 
========================================================================
Received Import Request.
  Time since last request: 112.497906 seconds.
  path: Assets/TerrainSampleAssets/Textures/Terrain/Pebbles_B_BaseColor.tif
  artifactKey: Guid(2dd80f1b9b10057439e2db179b557ebc) Importer(815301076,1909f56bfc062723c751e8b465ee728b)
Start importing Assets/TerrainSampleAssets/Textures/Terrain/Pebbles_B_BaseColor.tif using Guid(2dd80f1b9b10057439e2db179b557ebc) Importer(815301076,1909f56bfc062723c751e8b465ee728b)  -> (artifact id: 'b913a907d14e8643679483c6c71cc80f') in 0.021707 seconds 
========================================================================
Received Import Request.
  Time since last request: 379.093592 seconds.
  path: Assets/Scenes/Playground
  artifactKey: Guid(e6a4aa6f3d941a64c9a1e93aa05ea6da) Importer(815301076,1909f56bfc062723c751e8b465ee728b)
Start importing Assets/Scenes/Playground using Guid(e6a4aa6f3d941a64c9a1e93aa05ea6da) Importer(815301076,1909f56bfc062723c751e8b465ee728b)  -> (artifact id: '3bbef2165e0d0305148b78cddd035a9f') in 0.000817 seconds 
========================================================================
Received Import Request.
  Time since last request: 0.050986 seconds.
  path: Assets/Scenes/Playground/LightingData.asset
  artifactKey: Guid(51e8050f26ab504469d218c927558c5e) Importer(815301076,1909f56bfc062723c751e8b465ee728b)
Start importing Assets/Scenes/Playground/LightingData.asset using Guid(51e8050f26ab504469d218c927558c5e) Importer(815301076,1909f56bfc062723c751e8b465ee728b)  -> (artifact id: '78b66ffa623c7cf07ed7539dffd6dbb4') in 0.002652 seconds 
========================================================================
Received Import Request.
  Time since last request: 254.554681 seconds.
  path: Assets/Player/Model/Hero-0.obj
  artifactKey: Guid(7e1e20b3f1cd48d4eba65a10f84c714e) Importer(815301076,1909f56bfc062723c751e8b465ee728b)
Start importing Assets/Player/Model/Hero-0.obj using Guid(7e1e20b3f1cd48d4eba65a10f84c714e) Importer(815301076,1909f56bfc062723c751e8b465ee728b)  -> (artifact id: '05025264ec208b9e7b78cb7fa9acc7cf') in 0.094235 seconds 
========================================================================
Received Import Request.
  Time since last request: 0.000022 seconds.
  path: Assets/Player/Model/Hero-8.png
  artifactKey: Guid(325e5fe3c896b5849bec322b2ad7fab8) Importer(815301076,1909f56bfc062723c751e8b465ee728b)
Start importing Assets/Player/Model/Hero-8.png using Guid(325e5fe3c896b5849bec322b2ad7fab8) Importer(815301076,1909f56bfc062723c751e8b465ee728b)  -> (artifact id: 'da8bbab5f3c68d77fe9ec191e78532a9') in 0.011150 seconds 
========================================================================
Received Import Request.
  Time since last request: 0.000025 seconds.
  path: Assets/Player/Model/Hero-2.png
  artifactKey: Guid(c0e66025007a0454292aef7e204ee4a4) Importer(815301076,1909f56bfc062723c751e8b465ee728b)
Start importing Assets/Player/Model/Hero-2.png using Guid(c0e66025007a0454292aef7e204ee4a4) Importer(815301076,1909f56bfc062723c751e8b465ee728b)  -> (artifact id: '040a0a4bede8de11686f0600bb1cf494') in 0.008185 seconds 
========================================================================
Received Import Request.
  Time since last request: 0.000016 seconds.
  path: Assets/Player/Model/Hero-12.png
  artifactKey: Guid(443dbf53779e0d24b9989fb49d1410c2) Importer(815301076,1909f56bfc062723c751e8b465ee728b)
Start importing Assets/Player/Model/Hero-12.png using Guid(443dbf53779e0d24b9989fb49d1410c2) Importer(815301076,1909f56bfc062723c751e8b465ee728b)  -> (artifact id: '86ec3270dd3b93a7066e239f11d8cec3') in 0.007098 seconds 
========================================================================
Received Import Request.
  Time since last request: 0.000021 seconds.
  path: Assets/Player/Model/Hero-6.png
  artifactKey: Guid(58b82ee0ab69b93488b186508c65d353) Importer(815301076,1909f56bfc062723c751e8b465ee728b)
Start importing Assets/Player/Model/Hero-6.png using Guid(58b82ee0ab69b93488b186508c65d353) Importer(815301076,1909f56bfc062723c751e8b465ee728b)  -> (artifact id: 'b6f32d99e3a445797fbd471d35fa224a') in 0.005629 seconds 
========================================================================
Received Import Request.
  Time since last request: 0.000018 seconds.
  path: Assets/Player/Model/Hero-9.png
  artifactKey: Guid(b9e0d94d5f8bc844abd555a1c4e99094) Importer(815301076,1909f56bfc062723c751e8b465ee728b)
Start importing Assets/Player/Model/Hero-9.png using Guid(b9e0d94d5f8bc844abd555a1c4e99094) Importer(815301076,1909f56bfc062723c751e8b465ee728b)  -> (artifact id: 'b79341f81f60fda59c5907272a35ed2a') in 0.005730 seconds 
========================================================================
Received Import Request.
  Time since last request: 0.000019 seconds.
  path: Assets/Player/Model/Hero-4.png
  artifactKey: Guid(d81eb3a6fccc9f44aa84b432ed6e2e63) Importer(815301076,1909f56bfc062723c751e8b465ee728b)
Start importing Assets/Player/Model/Hero-4.png using Guid(d81eb3a6fccc9f44aa84b432ed6e2e63) Importer(815301076,1909f56bfc062723c751e8b465ee728b)  -> (artifact id: '8eacff45000774488b8f50640ddb9784') in 0.005622 seconds 
========================================================================
Received Import Request.
  Time since last request: 0.000021 seconds.
  path: Assets/Player/Model/Hero-11.png
  artifactKey: Guid(d9a00bb5f1b8bda4e899472eee8abc32) Importer(815301076,1909f56bfc062723c751e8b465ee728b)
Start importing Assets/Player/Model/Hero-11.png using Guid(d9a00bb5f1b8bda4e899472eee8abc32) Importer(815301076,1909f56bfc062723c751e8b465ee728b)  -> (artifact id: 'fd2f0baff95d6030246ce72ee66705b8') in 0.005806 seconds 
========================================================================
Received Import Request.
  Time since last request: 0.000019 seconds.
  path: Assets/Player/Model/Hero-1.png
  artifactKey: Guid(b007e1b02345d3e4a99e5375d6f2428d) Importer(815301076,1909f56bfc062723c751e8b465ee728b)
Start importing Assets/Player/Model/Hero-1.png using Guid(b007e1b02345d3e4a99e5375d6f2428d) Importer(815301076,1909f56bfc062723c751e8b465ee728b)  -> (artifact id: 'daa03dca5f98b48636ca955367941dbc') in 0.008085 seconds 
========================================================================
Received Import Request.
  Time since last request: 0.000019 seconds.
  path: Assets/Player/Model/Hero-5.png
  artifactKey: Guid(4688311c5b072b2478077c95eeb6ea67) Importer(815301076,1909f56bfc062723c751e8b465ee728b)
Start importing Assets/Player/Model/Hero-5.png using Guid(4688311c5b072b2478077c95eeb6ea67) Importer(815301076,1909f56bfc062723c751e8b465ee728b)  -> (artifact id: '5a79c6111c52e29f4050a45daa6579dc') in 0.007682 seconds 
========================================================================
Received Import Request.
  Time since last request: 0.000017 seconds.
  path: Assets/Player/Model/Hero-5.obj
  artifactKey: Guid(16aa2db2c9bd85f4e886bb62e8082e5e) Importer(815301076,1909f56bfc062723c751e8b465ee728b)
Start importing Assets/Player/Model/Hero-5.obj using Guid(16aa2db2c9bd85f4e886bb62e8082e5e) Importer(815301076,1909f56bfc062723c751e8b465ee728b)  -> (artifact id: '93be1864e1cd4445f77c04014d2f7b07') in 0.030041 seconds 
========================================================================
Received Import Request.
  Time since last request: 0.000019 seconds.
  path: Assets/Player/Model/Hero-9.obj
  artifactKey: Guid(7c1bb20f4f41c43459e3f6c0beb1a44b) Importer(815301076,1909f56bfc062723c751e8b465ee728b)
Start importing Assets/Player/Model/Hero-9.obj using Guid(7c1bb20f4f41c43459e3f6c0beb1a44b) Importer(815301076,1909f56bfc062723c751e8b465ee728b)  -> (artifact id: '3940617c23dee5031906f034e6f37637') in 0.028287 seconds 
========================================================================
Received Import Request.
  Time since last request: 0.000019 seconds.
  path: Assets/Player/Model/Hero-3.obj
  artifactKey: Guid(e8068db9f39faeb4cbe89978bf893643) Importer(815301076,1909f56bfc062723c751e8b465ee728b)
Start importing Assets/Player/Model/Hero-3.obj using Guid(e8068db9f39faeb4cbe89978bf893643) Importer(815301076,1909f56bfc062723c751e8b465ee728b)  -> (artifact id: '959f66c28009fa2e05f6058a5779aacd') in 0.030188 seconds 
========================================================================
Received Import Request.
  Time since last request: 0.000022 seconds.
  path: Assets/Player/Model/Hero-10.png
  artifactKey: Guid(f0d178b50e81f774b96bb077c217e1a3) Importer(815301076,1909f56bfc062723c751e8b465ee728b)
Start importing Assets/Player/Model/Hero-10.png using Guid(f0d178b50e81f774b96bb077c217e1a3) Importer(815301076,1909f56bfc062723c751e8b465ee728b)  -> (artifact id: '2b5e767036747967da5a60c8b56a5689') in 0.008231 seconds 
========================================================================
Received Import Request.
  Time since last request: 0.000025 seconds.
  path: Assets/Player/Model/Hero-3.png
  artifactKey: Guid(59ad7da025fead942a973ab3d5f100cd) Importer(815301076,1909f56bfc062723c751e8b465ee728b)
Start importing Assets/Player/Model/Hero-3.png using Guid(59ad7da025fead942a973ab3d5f100cd) Importer(815301076,1909f56bfc062723c751e8b465ee728b)  -> (artifact id: 'a3c270d4c52690e3c6f31863b899b73f') in 0.005943 seconds 
========================================================================
Received Import Request.
  Time since last request: 0.000017 seconds.
  path: Assets/Player/Model/Hero-4.obj
  artifactKey: Guid(ac12bd845ca48424db29c1e7dff99e2d) Importer(815301076,1909f56bfc062723c751e8b465ee728b)
Start importing Assets/Player/Model/Hero-4.obj using Guid(ac12bd845ca48424db29c1e7dff99e2d) Importer(815301076,1909f56bfc062723c751e8b465ee728b)  -> (artifact id: '7c952669423ad9806f81977ff6906217') in 0.028468 seconds 
